#
# There is insufficient memory for the Java Runtime Environment to continue.
# Native memory allocation (malloc) failed to allocate 759136 bytes for Chunk::new
# Possible reasons:
#   The system is out of physical RAM or swap space
#   In 32 bit mode, the process size limit was hit
# Possible solutions:
#   Reduce memory load on the system
#   Increase physical memory or swap space
#   Check if swap backing store is full
#   Use 64 bit Java on a 64 bit OS
#   Decrease Java heap size (-Xmx/-Xms)
#   Decrease number of Java threads
#   Decrease Java thread stack sizes (-Xss)
#   Set larger code cache with -XX:ReservedCodeCacheSize=
# This output file may be truncated or incomplete.
#
#  Out of Memory Error (allocation.cpp:390), pid=6864, tid=0x0000000000004bf0
#
# JRE version: Java(TM) SE Runtime Environment (8.0_121-b13) (build 1.8.0_121-b13)
# Java VM: Java HotSpot(TM) 64-Bit Server VM (25.121-b13 mixed mode windows-amd64 compressed oops)
# Failed to write core dump. Minidumps are not enabled by default on client versions of Windows
#

---------------  T H R E A D  ---------------

Current thread (0x00000000167d9800):  JavaThread "C2 CompilerThread2" daemon [_thread_in_native, id=19440, stack(0x0000000017470000,0x0000000017570000)]

Stack: [0x0000000017470000,0x0000000017570000]
[error occurred during error reporting (printing stack bounds), id 0xc0000005]

Native frames: (J=compiled Java code, j=interpreted, Vv=VM code, C=native code)


Current CompileTask:
C2:  11856 3579       4       org.springframework.core.annotation.TypeMappedAnnotations::get (52 bytes)


---------------  P R O C E S S  ---------------

Java Threads: ( => current thread )
  0x00000000188ed800 JavaThread "Abandoned connection cleanup thread" daemon [_thread_blocked, id=2128, stack(0x0000000028570000,0x0000000028670000)]
  0x00000000188f0800 JavaThread "container-0" [_thread_blocked, id=13644, stack(0x0000000028470000,0x0000000028570000)]
  0x00000000188ec000 JavaThread "Catalina-utility-2" [_thread_blocked, id=20272, stack(0x0000000028370000,0x0000000028470000)]
  0x00000000188f2000 JavaThread "Catalina-utility-1" [_thread_blocked, id=19560, stack(0x0000000028270000,0x0000000028370000)]
  0x000000001686e800 JavaThread "Service Thread" daemon [_thread_blocked, id=596, stack(0x0000000017670000,0x0000000017770000)]
  0x00000000167ec800 JavaThread "C1 CompilerThread3" daemon [_thread_in_native, id=20020, stack(0x0000000017570000,0x0000000017670000)]
=>0x00000000167d9800 JavaThread "C2 CompilerThread2" daemon [_thread_in_native, id=19440, stack(0x0000000017470000,0x0000000017570000)]
  0x00000000167d9000 JavaThread "C2 CompilerThread1" daemon [_thread_in_native, id=9676, stack(0x0000000017370000,0x0000000017470000)]
  0x00000000167de000 JavaThread "C2 CompilerThread0" daemon [_thread_in_native, id=9656, stack(0x0000000017270000,0x0000000017370000)]
  0x00000000167c2800 JavaThread "JDWP Command Reader" daemon [_thread_in_native, id=10416, stack(0x0000000017170000,0x0000000017270000)]
  0x00000000167b9800 JavaThread "JDWP Event Helper Thread" daemon [_thread_blocked, id=4532, stack(0x0000000017070000,0x0000000017170000)]
  0x00000000167ad800 JavaThread "JDWP Transport Listener: dt_socket" daemon [_thread_blocked, id=18388, stack(0x0000000016f70000,0x0000000017070000)]
  0x00000000167a1800 JavaThread "Attach Listener" daemon [_thread_blocked, id=16064, stack(0x0000000016e70000,0x0000000016f70000)]
  0x00000000167a0000 JavaThread "Signal Dispatcher" daemon [_thread_blocked, id=11508, stack(0x0000000016d70000,0x0000000016e70000)]
  0x00000000148a5000 JavaThread "Finalizer" daemon [_thread_blocked, id=14724, stack(0x0000000016b70000,0x0000000016c70000)]
  0x000000001489e000 JavaThread "Reference Handler" daemon [_thread_blocked, id=18756, stack(0x0000000016670000,0x0000000016770000)]
  0x0000000002ef9000 JavaThread "main" [_thread_in_Java, id=19760, stack(0x0000000002dd0000,0x0000000002ed0000)]

Other Threads:
  0x0000000014895800 VMThread [stack: 0x0000000016570000,0x0000000016670000] [id=16984]
  0x0000000016852000 WatcherThread [stack: 0x0000000017770000,0x0000000017870000] [id=4748]

VM state:not at safepoint (normal execution)

VM Mutex/Monitor currently owned by a thread: None

Heap:
 PSYoungGen      total 161792K, used 13586K [0x00000000f5580000, 0x0000000100000000, 0x0000000100000000)
  eden space 151040K, 8% used [0x00000000f5580000,0x00000000f62c4a60,0x00000000fe900000)
  from space 10752K, 0% used [0x00000000ff580000,0x00000000ff580000,0x0000000100000000)
  to   space 11776K, 0% used [0x00000000fe900000,0x00000000fe900000,0x00000000ff480000)
 ParOldGen       total 64512K, used 16494K [0x00000000e0000000, 0x00000000e3f00000, 0x00000000f5580000)
  object space 64512K, 25% used [0x00000000e0000000,0x00000000e101bb90,0x00000000e3f00000)
 Metaspace       used 34640K, capacity 36520K, committed 36648K, reserved 1081344K
  class space    used 4369K, capacity 4680K, committed 4736K, reserved 1048576K

Card table byte_map: [0x00000000123e0000,0x00000000124f0000] byte_map_base: 0x0000000011ce0000

Marking Bits: (ParMarkBitMap*) 0x000000005e4bb6d0
 Begin Bits: [0x0000000012da0000, 0x00000000135a0000)
 End Bits:   [0x00000000135a0000, 0x0000000013da0000)

Polling page: 0x0000000002ff0000

CodeCache: size=245760Kb used=11840Kb max_used=12097Kb free=233919Kb
 bounds [0x0000000003020000, 0x0000000003c00000, 0x0000000012020000]
 total_blobs=3651 nmethods=3256 adapters=315
 compilation: enabled

Compilation events (10 events):
Event: 11.774 Thread 0x00000000167d9800 nmethod 3584 0x0000000003131750 code [0x00000000031318c0, 0x0000000003131c88]
Event: 11.774 Thread 0x00000000167d9800 3579       4       org.springframework.core.annotation.TypeMappedAnnotations::get (52 bytes)
Event: 11.774 Thread 0x00000000167ec800 3587   !   3       com.sun.proxy.$Proxy30::annotationType (29 bytes)
Event: 11.775 Thread 0x00000000167ec800 nmethod 3587 0x0000000003314590 code [0x0000000003314720, 0x0000000003314bb8]
Event: 11.782 Thread 0x00000000167ec800 3589       1       org.springframework.beans.factory.support.AbstractAutowireCapableBeanFactory::getInstantiationStrategy (5 bytes)
Event: 11.782 Thread 0x00000000167ec800 nmethod 3589 0x0000000003765990 code [0x0000000003765ae0, 0x0000000003765bf0]
Event: 11.788 Thread 0x00000000167ec800 3590       3       ch.qos.logback.classic.Logger::createChildByName (128 bytes)
Event: 11.790 Thread 0x00000000167ec800 nmethod 3590 0x0000000003523410 code [0x0000000003523700, 0x0000000003524e98]
Event: 11.804 Thread 0x00000000167ec800 3591       3       java.util.regex.Pattern$Node::<init> (12 bytes)
Event: 11.804 Thread 0x00000000167ec800 nmethod 3591 0x0000000003451310 code [0x0000000003451480, 0x0000000003451650]

GC Heap History (10 events):
Event: 6.395 GC heap before
{Heap before GC invocations=8 (full 1):
 PSYoungGen      total 71680K, used 4730K [0x00000000f5580000, 0x00000000fe180000, 0x0000000100000000)
  eden space 62976K, 0% used [0x00000000f5580000,0x00000000f5580000,0x00000000f9300000)
  from space 8704K, 54% used [0x00000000f9300000,0x00000000f979eac8,0x00000000f9b80000)
  to   space 8704K, 0% used [0x00000000fd900000,0x00000000fd900000,0x00000000fe180000)
 ParOldGen       total 84992K, used 7325K [0x00000000e0000000, 0x00000000e5300000, 0x00000000f5580000)
  object space 84992K, 8% used [0x00000000e0000000,0x00000000e0727680,0x00000000e5300000)
 Metaspace       used 20390K, capacity 21130K, committed 21296K, reserved 1069056K
  class space    used 2439K, capacity 2615K, committed 2688K, reserved 1048576K
Event: 6.433 GC heap after
Heap after GC invocations=8 (full 1):
 PSYoungGen      total 71680K, used 0K [0x00000000f5580000, 0x00000000fe180000, 0x0000000100000000)
  eden space 62976K, 0% used [0x00000000f5580000,0x00000000f5580000,0x00000000f9300000)
  from space 8704K, 0% used [0x00000000f9300000,0x00000000f9300000,0x00000000f9b80000)
  to   space 8704K, 0% used [0x00000000fd900000,0x00000000fd900000,0x00000000fe180000)
 ParOldGen       total 46080K, used 8083K [0x00000000e0000000, 0x00000000e2d00000, 0x00000000f5580000)
  object space 46080K, 17% used [0x00000000e0000000,0x00000000e07e4d78,0x00000000e2d00000)
 Metaspace       used 20388K, capacity 21124K, committed 21296K, reserved 1069056K
  class space    used 2438K, capacity 2614K, committed 2688K, reserved 1048576K
}
Event: 6.560 GC heap before
{Heap before GC invocations=9 (full 1):
 PSYoungGen      total 71680K, used 62976K [0x00000000f5580000, 0x00000000fe180000, 0x0000000100000000)
  eden space 62976K, 100% used [0x00000000f5580000,0x00000000f9300000,0x00000000f9300000)
  from space 8704K, 0% used [0x00000000f9300000,0x00000000f9300000,0x00000000f9b80000)
  to   space 8704K, 0% used [0x00000000fd900000,0x00000000fd900000,0x00000000fe180000)
 ParOldGen       total 46080K, used 8083K [0x00000000e0000000, 0x00000000e2d00000, 0x00000000f5580000)
  object space 46080K, 17% used [0x00000000e0000000,0x00000000e07e4d78,0x00000000e2d00000)
 Metaspace       used 20857K, capacity 21622K, committed 21808K, reserved 1069056K
  class space    used 2510K, capacity 2687K, committed 2688K, reserved 1048576K
Event: 6.561 GC heap after
Heap after GC invocations=9 (full 1):
 PSYoungGen      total 121344K, used 969K [0x00000000f5580000, 0x00000000fdb80000, 0x0000000100000000)
  eden space 118784K, 0% used [0x00000000f5580000,0x00000000f5580000,0x00000000fc980000)
  from space 2560K, 37% used [0x00000000fd900000,0x00000000fd9f2760,0x00000000fdb80000)
  to   space 9216K, 0% used [0x00000000fc980000,0x00000000fc980000,0x00000000fd280000)
 ParOldGen       total 46080K, used 8091K [0x00000000e0000000, 0x00000000e2d00000, 0x00000000f5580000)
  object space 46080K, 17% used [0x00000000e0000000,0x00000000e07e6d78,0x00000000e2d00000)
 Metaspace       used 20857K, capacity 21622K, committed 21808K, reserved 1069056K
  class space    used 2510K, capacity 2687K, committed 2688K, reserved 1048576K
}
Event: 8.794 GC heap before
{Heap before GC invocations=10 (full 1):
 PSYoungGen      total 121344K, used 119753K [0x00000000f5580000, 0x00000000fdb80000, 0x0000000100000000)
  eden space 118784K, 100% used [0x00000000f5580000,0x00000000fc980000,0x00000000fc980000)
  from space 2560K, 37% used [0x00000000fd900000,0x00000000fd9f2760,0x00000000fdb80000)
  to   space 9216K, 0% used [0x00000000fc980000,0x00000000fc980000,0x00000000fd280000)
 ParOldGen       total 46080K, used 8091K [0x00000000e0000000, 0x00000000e2d00000, 0x00000000f5580000)
  object space 46080K, 17% used [0x00000000e0000000,0x00000000e07e6d78,0x00000000e2d00000)
 Metaspace       used 28261K, capacity 29452K, committed 29696K, reserved 1075200K
  class space    used 3515K, capacity 3750K, committed 3840K, reserved 1048576K
Event: 8.811 GC heap after
Heap after GC invocations=10 (full 1):
 PSYoungGen      total 128000K, used 9208K [0x00000000f5580000, 0x0000000100000000, 0x0000000100000000)
  eden space 118784K, 0% used [0x00000000f5580000,0x00000000f5580000,0x00000000fc980000)
  from space 9216K, 99% used [0x00000000fc980000,0x00000000fd27e020,0x00000000fd280000)
  to   space 10752K, 0% used [0x00000000ff580000,0x00000000ff580000,0x0000000100000000)
 ParOldGen       total 46080K, used 8265K [0x00000000e0000000, 0x00000000e2d00000, 0x00000000f5580000)
  object space 46080K, 17% used [0x00000000e0000000,0x00000000e0812568,0x00000000e2d00000)
 Metaspace       used 28261K, capacity 29452K, committed 29696K, reserved 1075200K
  class space    used 3515K, capacity 3750K, committed 3840K, reserved 1048576K
}
Event: 11.553 GC heap before
{Heap before GC invocations=11 (full 1):
 PSYoungGen      total 128000K, used 108734K [0x00000000f5580000, 0x0000000100000000, 0x0000000100000000)
  eden space 118784K, 83% used [0x00000000f5580000,0x00000000fb6b19f8,0x00000000fc980000)
  from space 9216K, 99% used [0x00000000fc980000,0x00000000fd27e020,0x00000000fd280000)
  to   space 10752K, 0% used [0x00000000ff580000,0x00000000ff580000,0x0000000100000000)
 ParOldGen       total 46080K, used 8265K [0x00000000e0000000, 0x00000000e2d00000, 0x00000000f5580000)
  object space 46080K, 17% used [0x00000000e0000000,0x00000000e0812568,0x00000000e2d00000)
 Metaspace       used 33560K, capacity 35318K, committed 35496K, reserved 1081344K
  class space    used 4211K, capacity 4531K, committed 4608K, reserved 1048576K
Event: 11.564 GC heap after
Heap after GC invocations=11 (full 1):
 PSYoungGen      total 161792K, used 9897K [0x00000000f5580000, 0x0000000100000000, 0x0000000100000000)
  eden space 151040K, 0% used [0x00000000f5580000,0x00000000f5580000,0x00000000fe900000)
  from space 10752K, 92% used [0x00000000ff580000,0x00000000fff2a748,0x0000000100000000)
  to   space 11776K, 0% used [0x00000000fe900000,0x00000000fe900000,0x00000000ff480000)
 ParOldGen       total 46080K, used 8593K [0x00000000e0000000, 0x00000000e2d00000, 0x00000000f5580000)
  object space 46080K, 18% used [0x00000000e0000000,0x00000000e0864568,0x00000000e2d00000)
 Metaspace       used 33560K, capacity 35318K, committed 35496K, reserved 1081344K
  class space    used 4211K, capacity 4531K, committed 4608K, reserved 1048576K
}
Event: 11.564 GC heap before
{Heap before GC invocations=12 (full 2):
 PSYoungGen      total 161792K, used 9897K [0x00000000f5580000, 0x0000000100000000, 0x0000000100000000)
  eden space 151040K, 0% used [0x00000000f5580000,0x00000000f5580000,0x00000000fe900000)
  from space 10752K, 92% used [0x00000000ff580000,0x00000000fff2a748,0x0000000100000000)
  to   space 11776K, 0% used [0x00000000fe900000,0x00000000fe900000,0x00000000ff480000)
 ParOldGen       total 46080K, used 8593K [0x00000000e0000000, 0x00000000e2d00000, 0x00000000f5580000)
  object space 46080K, 18% used [0x00000000e0000000,0x00000000e0864568,0x00000000e2d00000)
 Metaspace       used 33560K, capacity 35318K, committed 35496K, reserved 1081344K
  class space    used 4211K, capacity 4531K, committed 4608K, reserved 1048576K
Event: 11.647 GC heap after
Heap after GC invocations=12 (full 2):
 PSYoungGen      total 161792K, used 0K [0x00000000f5580000, 0x0000000100000000, 0x0000000100000000)
  eden space 151040K, 0% used [0x00000000f5580000,0x00000000f5580000,0x00000000fe900000)
  from space 10752K, 0% used [0x00000000ff580000,0x00000000ff580000,0x0000000100000000)
  to   space 11776K, 0% used [0x00000000fe900000,0x00000000fe900000,0x00000000ff480000)
 ParOldGen       total 64512K, used 16494K [0x00000000e0000000, 0x00000000e3f00000, 0x00000000f5580000)
  object space 64512K, 25% used [0x00000000e0000000,0x00000000e101bb90,0x00000000e3f00000)
 Metaspace       used 33560K, capacity 35318K, committed 35496K, reserved 1081344K
  class space    used 4211K, capacity 4531K, committed 4608K, reserved 1048576K
}

Deoptimization events (10 events):
Event: 9.851 Thread 0x0000000002ef9000 Uncommon trap: reason=class_check action=maybe_recompile pc=0x000000000374bbe0 method=java.util.zip.InflaterInputStream.read([BII)I @ 100
Event: 9.852 Thread 0x0000000002ef9000 Uncommon trap: reason=class_check action=maybe_recompile pc=0x000000000374bbe0 method=java.util.zip.InflaterInputStream.read([BII)I @ 100
Event: 9.914 Thread 0x0000000002ef9000 Uncommon trap: reason=unstable_if action=reinterpret pc=0x0000000003b7bc48 method=java.util.jar.Manifest$FastInputStream.peek()B @ 8
Event: 11.472 Thread 0x00000000188ed800 Uncommon trap: reason=unstable_if action=reinterpret pc=0x0000000003ba04fc method=java.net.URLStreamHandler.parseURL(Ljava/net/URL;Ljava/lang/String;II)V @ 57
Event: 11.474 Thread 0x0000000002ef9000 Uncommon trap: reason=unstable_if action=reinterpret pc=0x00000000032bf6b4 method=java.lang.AbstractStringBuilder.append(Ljava/lang/String;)Ljava/lang/AbstractStringBuilder; @ 1
Event: 11.488 Thread 0x0000000002ef9000 Uncommon trap: reason=unstable_if action=reinterpret pc=0x0000000003a74980 method=java.util.concurrent.ConcurrentHashMap.get(Ljava/lang/Object;)Ljava/lang/Object; @ 152
Event: 11.506 Thread 0x0000000002ef9000 Uncommon trap: reason=null_check action=make_not_entrant pc=0x00000000037e90dc method=org.springframework.util.ClassUtils.isAssignable(Ljava/lang/Class;Ljava/lang/Class;)Z @ 14
Event: 11.718 Thread 0x0000000002ef9000 Uncommon trap: reason=unstable_if action=reinterpret pc=0x00000000032d3ca8 method=java.util.regex.Pattern$CharProperty.match(Ljava/util/regex/Matcher;ILjava/lang/CharSequence;)Z @ 21
Event: 11.718 Thread 0x0000000002ef9000 Uncommon trap: reason=unstable_if action=reinterpret pc=0x000000000355b284 method=java.util.regex.Pattern$BmpCharProperty.match(Ljava/util/regex/Matcher;ILjava/lang/CharSequence;)Z @ 5
Event: 11.847 Thread 0x0000000002ef9000 Uncommon trap: reason=unstable_if action=reinterpret pc=0x0000000003bb62a4 method=java.net.URI.match(CJJ)Z @ 45

Internal exceptions (10 events):
Event: 8.933 Thread 0x0000000002ef9000 Implicit null exception at 0x000000000313e8cc to 0x000000000313eb2d
Event: 9.062 Thread 0x0000000002ef9000 Implicit null exception at 0x000000000390f5a7 to 0x000000000390f6c0
Event: 9.103 Thread 0x0000000002ef9000 Exception <a 'java/lang/IncompatibleClassChangeError': Found class java.lang.Object, but interface was expected> (0x00000000f66ff9d8) thrown at [C:\re\workspace\8-2-build-windows-amd64-cygwin\jdk8u121\8372\hotspot\src\share\vm\interpreter\linkResolver.cpp
Event: 9.108 Thread 0x0000000002ef9000 Exception <a 'java/lang/NoSuchMethodError': java.lang.Object.lambda$and$0(Ljava/util/function/Predicate;Ljava/lang/Object;)Z> (0x00000000f67431c0) thrown at [C:\re\workspace\8-2-build-windows-amd64-cygwin\jdk8u121\8372\hotspot\src\share\vm\interpreter\lin
Event: 9.846 Thread 0x0000000002ef9000 Implicit null exception at 0x0000000003b6f197 to 0x0000000003b71cc9
Event: 11.279 Thread 0x0000000002ef9000 Exception <a 'java/io/FileNotFoundException'> (0x00000000fa43e048) thrown at [C:\re\workspace\8-2-build-windows-amd64-cygwin\jdk8u121\8372\hotspot\src\share\vm\prims\jni.cpp, line 709]
Event: 11.279 Thread 0x0000000002ef9000 Exception <a 'java/io/FileNotFoundException'> (0x00000000fa43ef18) thrown at [C:\re\workspace\8-2-build-windows-amd64-cygwin\jdk8u121\8372\hotspot\src\share\vm\prims\jni.cpp, line 709]
Event: 11.392 Thread 0x0000000002ef9000 Exception <a 'java/io/FileNotFoundException'> (0x00000000faa3b2d0) thrown at [C:\re\workspace\8-2-build-windows-amd64-cygwin\jdk8u121\8372\hotspot\src\share\vm\prims\jni.cpp, line 709]
Event: 11.451 Thread 0x0000000002ef9000 Exception <a 'java/lang/NoSuchMethodError': java.lang.Object.lambda$static$0(Ljava/lang/Object;)Ljava/lang/Object;> (0x00000000fae3e8f8) thrown at [C:\re\workspace\8-2-build-windows-amd64-cygwin\jdk8u121\8372\hotspot\src\share\vm\interpreter\linkResolver.
Event: 11.474 Thread 0x0000000002ef9000 Implicit null exception at 0x00000000032bf159 to 0x00000000032bf699

Events (10 events):
Event: 11.850 loading class com/mysql/cj/Constants
Event: 11.850 loading class com/mysql/cj/Constants done
Event: 11.851 loading class com/mysql/cj/Messages
Event: 11.851 loading class com/mysql/cj/Messages done
Event: 11.852 loading class com/mysql/cj/LocalizedErrorMessages
Event: 11.852 loading class com/mysql/cj/LocalizedErrorMessages done
Event: 11.852 Thread 0x0000000002ef9000 DEOPT PACKING pc=0x000000000320bc34 sp=0x0000000002ecb0c0
Event: 11.852 Thread 0x0000000002ef9000 DEOPT UNPACKING pc=0x000000000306787f sp=0x0000000002ecae38 mode 1
Event: 11.852 Thread 0x0000000002ef9000 DEOPT PACKING pc=0x000000000320ae5c sp=0x0000000002ecb170
Event: 11.852 Thread 0x0000000002ef9000 DEOPT UNPACKING pc=0x000000000306787f sp=0x0000000002ecaeb0 mode 1


Dynamic libraries:
0x00007ff6c81f0000 - 0x00007ff6c8227000 	C:\Program Files\Java\jdk1.8.0_121\bin\java.exe
0x00007ffc7ce50000 - 0x00007ffc7d031000 	C:\Windows\SYSTEM32\ntdll.dll
0x00007ffc7bab0000 - 0x00007ffc7bb61000 	C:\Windows\System32\KERNEL32.DLL
0x00007ffc79320000 - 0x00007ffc79593000 	C:\Windows\System32\KERNELBASE.dll
0x00007ffc7cb80000 - 0x00007ffc7cc21000 	C:\Windows\System32\ADVAPI32.dll
0x00007ffc7bb70000 - 0x00007ffc7bc0e000 	C:\Windows\System32\msvcrt.dll
0x00007ffc7bc20000 - 0x00007ffc7bc7b000 	C:\Windows\System32\sechost.dll
0x00007ffc7a4e0000 - 0x00007ffc7a604000 	C:\Windows\System32\RPCRT4.dll
0x00007ffc7c3d0000 - 0x00007ffc7c560000 	C:\Windows\System32\USER32.dll
0x00007ffc79cb0000 - 0x00007ffc79cd0000 	C:\Windows\System32\win32u.dll
0x00007ffc7cad0000 - 0x00007ffc7caf8000 	C:\Windows\System32\GDI32.dll
0x00007ffc79f50000 - 0x00007ffc7a0e1000 	C:\Windows\System32\gdi32full.dll
0x00007ffc79220000 - 0x00007ffc792bf000 	C:\Windows\System32\msvcp_win.dll
0x00007ffc79cd0000 - 0x00007ffc79dc8000 	C:\Windows\System32\ucrtbase.dll
0x00007ffc64d00000 - 0x00007ffc64f69000 	C:\Windows\WinSxS\amd64_microsoft.windows.common-controls_6595b64144ccf1df_6.0.17134.885_none_fb42a3473065565f\COMCTL32.dll
0x00007ffc7c700000 - 0x00007ffc7ca22000 	C:\Windows\System32\combase.dll
0x00007ffc79ed0000 - 0x00007ffc79f49000 	C:\Windows\System32\bcryptPrimitives.dll
0x00007ffc7caa0000 - 0x00007ffc7cacd000 	C:\Windows\System32\IMM32.DLL
0x000000005f610000 - 0x000000005f6e2000 	C:\Program Files\Java\jdk1.8.0_121\jre\bin\msvcr100.dll
0x000000005dca0000 - 0x000000005e53b000 	C:\Program Files\Java\jdk1.8.0_121\jre\bin\server\jvm.dll
0x00007ffc7bc10000 - 0x00007ffc7bc18000 	C:\Windows\System32\PSAPI.DLL
0x00007ffc73810000 - 0x00007ffc73819000 	C:\Windows\SYSTEM32\WSOCK32.dll
0x00007ffc75aa0000 - 0x00007ffc75ac3000 	C:\Windows\SYSTEM32\WINMM.dll
0x00007ffc73540000 - 0x00007ffc7354a000 	C:\Windows\SYSTEM32\VERSION.dll
0x00007ffc7cdb0000 - 0x00007ffc7ce1c000 	C:\Windows\System32\WS2_32.dll
0x00007ffc75a70000 - 0x00007ffc75a9a000 	C:\Windows\SYSTEM32\winmmbase.dll
0x00007ffc79dd0000 - 0x00007ffc79e19000 	C:\Windows\System32\cfgmgr32.dll
0x000000005f600000 - 0x000000005f60f000 	C:\Program Files\Java\jdk1.8.0_121\jre\bin\verify.dll
0x000000005f5d0000 - 0x000000005f5f9000 	C:\Program Files\Java\jdk1.8.0_121\jre\bin\java.dll
0x000000005ec50000 - 0x000000005ec85000 	C:\Program Files\Java\jdk1.8.0_121\jre\bin\jdwp.dll
0x000000005ec40000 - 0x000000005ec48000 	C:\Program Files\Java\jdk1.8.0_121\jre\bin\npt.dll
0x000000005ebf0000 - 0x000000005ec06000 	C:\Program Files\Java\jdk1.8.0_121\jre\bin\zip.dll
0x00007ffc7a670000 - 0x00007ffc7bab0000 	C:\Windows\System32\SHELL32.dll
0x00007ffc7cc30000 - 0x00007ffc7ccd9000 	C:\Windows\System32\shcore.dll
0x00007ffc795a0000 - 0x00007ffc79cad000 	C:\Windows\System32\windows.storage.dll
0x00007ffc7a610000 - 0x00007ffc7a661000 	C:\Windows\System32\shlwapi.dll
0x00007ffc791e0000 - 0x00007ffc791f1000 	C:\Windows\System32\kernel.appcore.dll
0x00007ffc79170000 - 0x00007ffc7918f000 	C:\Windows\System32\profapi.dll
0x00007ffc79190000 - 0x00007ffc791dc000 	C:\Windows\System32\powrprof.dll
0x00007ffc79160000 - 0x00007ffc7916a000 	C:\Windows\System32\FLTLIB.DLL
0x000000005ebe0000 - 0x000000005ebe9000 	C:\Program Files\Java\jdk1.8.0_121\jre\bin\dt_socket.dll
0x00007ffc78930000 - 0x00007ffc78996000 	C:\Windows\system32\mswsock.dll
0x000000005eb90000 - 0x000000005eb9d000 	C:\Program Files\Java\jdk1.8.0_121\jre\bin\management.dll
0x000000005ebc0000 - 0x000000005ebda000 	C:\Program Files\Java\jdk1.8.0_121\jre\bin\net.dll
0x00007ffc63150000 - 0x00007ffc63166000 	C:\Windows\system32\napinsp.dll
0x00007ffc631a0000 - 0x00007ffc631ba000 	C:\Windows\system32\pnrpnsp.dll
0x00007ffc75540000 - 0x00007ffc75559000 	C:\Windows\system32\NLAapi.dll
0x00007ffc78710000 - 0x00007ffc787ce000 	C:\Windows\SYSTEM32\DNSAPI.dll
0x00007ffc7ca90000 - 0x00007ffc7ca98000 	C:\Windows\System32\NSI.dll
0x00007ffc786d0000 - 0x00007ffc78708000 	C:\Windows\SYSTEM32\IPHLPAPI.DLL
0x00007ffc630a0000 - 0x00007ffc630ae000 	C:\Windows\System32\winrnr.dll
0x00007ffc64c90000 - 0x00007ffc64ca5000 	C:\Windows\System32\wshbth.dll
0x00007ffc728d0000 - 0x00007ffc728da000 	C:\Windows\System32\rasadhlp.dll
0x00007ffc74cd0000 - 0x00007ffc74d42000 	C:\Windows\System32\fwpuclnt.dll
0x00007ffc78e80000 - 0x00007ffc78ea5000 	C:\Windows\SYSTEM32\bcrypt.dll
0x000000005eba0000 - 0x000000005ebb1000 	C:\Program Files\Java\jdk1.8.0_121\jre\bin\nio.dll
0x00007ffc78ec0000 - 0x00007ffc78ed7000 	C:\Windows\SYSTEM32\CRYPTSP.dll
0x00007ffc78300000 - 0x00007ffc78333000 	C:\Windows\system32\rsaenh.dll
0x00007ffc79090000 - 0x00007ffc790b8000 	C:\Windows\SYSTEM32\USERENV.dll
0x00007ffc78af0000 - 0x00007ffc78afb000 	C:\Windows\SYSTEM32\CRYPTBASE.dll
0x00007ffc74c00000 - 0x00007ffc74c16000 	C:\Windows\SYSTEM32\dhcpcsvc6.DLL
0x00007ffc746b0000 - 0x00007ffc746ca000 	C:\Windows\SYSTEM32\dhcpcsvc.DLL

VM Arguments:
jvm_args: -agentlib:jdwp=transport=dt_socket,server=n,suspend=y,address=60265 -Xmx512M -Dfile.encoding=windows-1252 -Duser.country=IN -Duser.language=en -Duser.variant 
java_command: com.ns.dataloading.DataloadingApplication
java_class_path (initial): D:\dataloading\build\classes\java\main;D:\dataloading\build\resources\main;C:\Users\jurlana\.gradle\caches\modules-2\files-2.1\com.redislabs\jredisgraph\2.0.2\c02943696739b567335a1c1734372b4ec562094b\jredisgraph-2.0.2.jar;C:\Users\jurlana\.gradle\caches\modules-2\files-2.1\org.springframework.boot\spring-boot-starter-data-jpa\2.3.0.RELEASE\6b22be56519c62c5f4a8e09f944b5a9ba75c068c\spring-boot-starter-data-jpa-2.3.0.RELEASE.jar;C:\Users\jurlana\.gradle\caches\modules-2\files-2.1\org.springframework.boot\spring-boot-starter-data-redis-reactive\2.3.0.RELEASE\3f351880769dcbdc2c676ed6935477f49793e951\spring-boot-starter-data-redis-reactive-2.3.0.RELEASE.jar;C:\Users\jurlana\.gradle\caches\modules-2\files-2.1\org.springframework.boot\spring-boot-starter-web\2.3.0.RELEASE\459a5d406c56770d9616c5b272bae9fbc777a994\spring-boot-starter-web-2.3.0.RELEASE.jar;C:\Users\jurlana\.gradle\caches\modules-2\files-2.1\org.springframework.boot\spring-boot-starter-data-redis\2.3.0.RELEASE\fa393e081b3b0fa1e391780f01087b1708d4d67d\spring-boot-starter-data-redis-2.3.0.RELEASE.jar;C:\Users\jurlana\.gradle\caches\modules-2\files-2.1\org.springframework.boot\spring-boot-starter-aop\2.3.0.RELEASE\837e8fce81560ec58fc16bf6f889da617104e109\spring-boot-starter-aop-2.3.0.RELEASE.jar;C:\Users\jurlana\.gradle\caches\modules-2\files-2.1\org.springframework.boot\spring-boot-starter-jdbc\2.3.0.RELEASE\ddc9ee3da589998143de4cada9d5e3aa1dc39f83\spring-boot-starter-jdbc-2.3.0.RELEASE.jar;C:\Users\jurlana\.gradle\caches\modules-2\files-2.1\org.springframework.boot\spring-boot-starter-json\2.3.0.RELEASE\dfdd3336ee920e4bc75f4ed726c3894c7821c31b\spring-boot-starter-json-2.3.0.RELEASE.jar;C:\Users\jurlana\.gradle\caches\modules-2\files-2.1\org.springframework.boot\spring-boot-starter\2.3.0.RELEASE\7b65ef478cf4d21ec70432e11055c2c83371b305\spring-boot-starter-2.3.0.RELEASE.jar;C:\Users\jurlana\.gradle\caches\modules-2\files-2.1\org.springframework.boot\spring-boot-starter-tomcat\2.3.0.REL
Launcher Type: SUN_STANDARD

Environment Variables:
JAVA_HOME=C:\Program Files\Java\jdk1.8.0_121
PATH=C:\ProgramData\Oracle\Java\javapath;C:\Program Files\Microsoft MPI\Bin\;C:\Windows\system32;C:\Windows;C:\Windows\System32\Wbem;C:\Windows\System32\WindowsPowerShell\v1.0\;C:\Windows\System32\OpenSSH\;C:\Program Files\dotnet\;C:\Program Files (x86)\Microsoft SQL Server\140\Tools\Binn\;C:\Program Files\Microsoft SQL Server\140\Tools\Binn\;C:\Program Files (x86)\Microsoft SQL Server\140\DTS\Binn\;C:\Program Files\Microsoft SQL Server\140\DTS\Binn\;C:\Program Files\Microsoft SQL Server\Client SDK\ODBC\130\Tools\Binn\;C:\Program Files (x86)\Microsoft SQL Server\Client SDK\ODBC\130\Tools\Binn\;C:\Program Files (x86)\Microsoft SQL Server\140\Tools\Binn\ManagementStudio\;C:\Program Files (x86)\Microsoft SQL Server\110\DTS\Binn\;C:\Program Files (x86)\Microsoft SQL Server\120\DTS\Binn\;C:\Program Files (x86)\Microsoft SQL Server\130\DTS\Binn\;C:\Program Files\Microsoft SQL Server\130\Tools\Binn\;C:\Program Files\nodejs\;C:\Program Files (x86)\Intel\Intel(R) Management Engine Components\DAL;C:\Program Files\Intel\Intel(R) Management Engine Components\DAL;C:\Program Files\Microsoft SQL Server\Client SDK\ODBC\170\Tools\Binn\;C:\Program Files (x86)\dotnet\;D:\Softwares\Softwares\redis-64.3.0.503;;C:\Program Files\Docker\Docker\resources\bin;C:\ProgramData\DockerDesktop\version-bin;C:\Users\jurlana\AppData\Local\Microsoft\WindowsApps;C:\Users\jurlana\AppData\Roaming\npm;C:\Users\jurlana\AppData\Local\Programs\Git\cmd;C:\Users\jurlana\AppData\Local\Programs\Microsoft VS Code\bin;C:\Users\jurlana\.dotnet\tools
USERNAME=jurlana
OS=Windows_NT
PROCESSOR_IDENTIFIER=Intel64 Family 6 Model 142 Stepping 10, GenuineIntel



---------------  S Y S T E M  ---------------

OS: Windows 10.0 , 64 bit Build 17134 (10.0.17134.753)

CPU:total 8 (4 cores per cpu, 2 threads per core) family 6 model 142 stepping 10, cmov, cx8, fxsr, mmx, sse, sse2, sse3, ssse3, sse4.1, sse4.2, popcnt, avx, avx2, aes, clmul, erms, 3dnowpref, lzcnt, ht, tsc, tscinvbit, bmi1, bmi2, adx

Memory: 4k page, physical 8045496k(402004k free), swap 26432308k(4124k free)

vm_info: Java HotSpot(TM) 64-Bit Server VM (25.121-b13) for windows-amd64 JRE (1.8.0_121-b13), built on Dec 12 2016 18:21:36 by "java_re" with MS VC++ 10.0 (VS2010)

time: Thu Jun 04 15:38:05 2020
elapsed time: 11 seconds (0d 0h 0m 11s)

