#
# There is insufficient memory for the Java Runtime Environment to continue.
# Native memory allocation (malloc) failed to allocate 131088 bytes for Chunk::new
# Possible reasons:
#   The system is out of physical RAM or swap space
#   In 32 bit mode, the process size limit was hit
# Possible solutions:
#   Reduce memory load on the system
#   Increase physical memory or swap space
#   Check if swap backing store is full
#   Use 64 bit Java on a 64 bit OS
#   Decrease Java heap size (-Xmx/-Xms)
#   Decrease number of Java threads
#   Decrease Java thread stack sizes (-Xss)
#   Set larger code cache with -XX:ReservedCodeCacheSize=
# This output file may be truncated or incomplete.
#
#  Out of Memory Error (allocation.cpp:390), pid=12484, tid=0x0000000000003004
#
# JRE version: Java(TM) SE Runtime Environment (8.0_121-b13) (build 1.8.0_121-b13)
# Java VM: Java HotSpot(TM) 64-Bit Server VM (25.121-b13 mixed mode windows-amd64 compressed oops)
# Failed to write core dump. Minidumps are not enabled by default on client versions of Windows
#

---------------  T H R E A D  ---------------

Current thread (0x0000000017b1a000):  JavaThread "C2 CompilerThread2" daemon [_thread_in_native, id=12292, stack(0x00000000184d0000,0x00000000185d0000)]

Stack: [0x00000000184d0000,0x00000000185d0000]
[error occurred during error reporting (printing stack bounds), id 0xc0000005]

Native frames: (J=compiled Java code, j=interpreted, Vv=VM code, C=native code)


Current CompileTask:
C2:   6707 3480       4       org.springframework.core.annotation.TypeMappedAnnotations::get (52 bytes)


---------------  P R O C E S S  ---------------

Java Threads: ( => current thread )
  0x000000001b307000 JavaThread "Abandoned connection cleanup thread" daemon [_thread_blocked, id=16160, stack(0x00000000275f0000,0x00000000276f0000)]
  0x000000001b306800 JavaThread "container-0" [_thread_blocked, id=17904, stack(0x00000000274f0000,0x00000000275f0000)]
  0x000000001b305800 JavaThread "Catalina-utility-2" [_thread_blocked, id=2488, stack(0x00000000273f0000,0x00000000274f0000)]
  0x000000001b305000 JavaThread "Catalina-utility-1" [_thread_blocked, id=16416, stack(0x00000000272f0000,0x00000000273f0000)]
  0x0000000017bb6000 JavaThread "Service Thread" daemon [_thread_blocked, id=3280, stack(0x00000000186d0000,0x00000000187d0000)]
  0x0000000017b29000 JavaThread "C1 CompilerThread3" daemon [_thread_blocked, id=3976, stack(0x00000000185d0000,0x00000000186d0000)]
=>0x0000000017b1a000 JavaThread "C2 CompilerThread2" daemon [_thread_in_native, id=12292, stack(0x00000000184d0000,0x00000000185d0000)]
  0x0000000015c2b000 JavaThread "C2 CompilerThread1" daemon [_thread_in_native, id=14044, stack(0x00000000183d0000,0x00000000184d0000)]
  0x0000000017b16800 JavaThread "C2 CompilerThread0" daemon [_thread_in_native, id=16712, stack(0x00000000182d0000,0x00000000183d0000)]
  0x0000000017b14800 JavaThread "Attach Listener" daemon [_thread_blocked, id=5112, stack(0x00000000181d0000,0x00000000182d0000)]
  0x0000000017b11000 JavaThread "Signal Dispatcher" daemon [_thread_blocked, id=12096, stack(0x00000000180d0000,0x00000000181d0000)]
  0x0000000017b00800 JavaThread "Finalizer" daemon [_thread_blocked, id=11636, stack(0x0000000017ee0000,0x0000000017fe0000)]
  0x0000000015c1d800 JavaThread "Reference Handler" daemon [_thread_blocked, id=856, stack(0x00000000179e0000,0x0000000017ae0000)]
  0x0000000003008000 JavaThread "main" [_thread_in_Java, id=4152, stack(0x0000000002f00000,0x0000000003000000)]

Other Threads:
  0x0000000015c19000 VMThread [stack: 0x00000000178e0000,0x00000000179e0000] [id=13456]
  0x0000000017c13800 WatcherThread [stack: 0x00000000187d0000,0x00000000188d0000] [id=18472]

VM state:not at safepoint (normal execution)

VM Mutex/Monitor currently owned by a thread: None

Heap:
 PSYoungGen      total 220672K, used 11447K [0x00000000eab00000, 0x00000000fd900000, 0x0000000100000000)
  eden space 209408K, 5% used [0x00000000eab00000,0x00000000eb62df80,0x00000000f7780000)
  from space 11264K, 0% used [0x00000000f7780000,0x00000000f7780000,0x00000000f8280000)
  to   space 12288K, 0% used [0x00000000fcd00000,0x00000000fcd00000,0x00000000fd900000)
 ParOldGen       total 52736K, used 15990K [0x00000000c0000000, 0x00000000c3380000, 0x00000000eab00000)
  object space 52736K, 30% used [0x00000000c0000000,0x00000000c0f9d9d8,0x00000000c3380000)
 Metaspace       used 34161K, capacity 35962K, committed 36136K, reserved 1081344K
  class space    used 4353K, capacity 4677K, committed 4736K, reserved 1048576K

Card table byte_map: [0x00000000124c0000,0x00000000126d0000] byte_map_base: 0x0000000011ec0000

Marking Bits: (ParMarkBitMap*) 0x000000005e4bb6d0
 Begin Bits: [0x0000000013030000, 0x0000000014030000)
 End Bits:   [0x0000000014030000, 0x0000000015030000)

Polling page: 0x00000000010a0000

CodeCache: size=245760Kb used=12454Kb max_used=12454Kb free=233305Kb
 bounds [0x0000000003100000, 0x0000000003d50000, 0x0000000012100000]
 total_blobs=3903 nmethods=3502 adapters=313
 compilation: enabled

Compilation events (10 events):
Event: 6.667 Thread 0x0000000017b29000 3570   !   3       java.util.Formatter::format (271 bytes)
Event: 6.668 Thread 0x0000000017b29000 nmethod 3570 0x00000000032311d0 code [0x0000000003231480, 0x0000000003232568]
Event: 6.671 Thread 0x0000000017b29000 3571   !   3       com.sun.proxy.$Proxy30::annotationType (29 bytes)
Event: 6.671 Thread 0x0000000017b29000 nmethod 3571 0x0000000003203210 code [0x00000000032033a0, 0x00000000032037d8]
Event: 6.676 Thread 0x0000000017b29000 3572       1       org.springframework.beans.factory.support.AbstractAutowireCapableBeanFactory::getInstantiationStrategy (5 bytes)
Event: 6.676 Thread 0x0000000017b29000 nmethod 3572 0x00000000031fff90 code [0x00000000032000e0, 0x00000000032001f0]
Event: 6.681 Thread 0x0000000017b29000 3573       3       ch.qos.logback.classic.Logger::createChildByName (128 bytes)
Event: 6.682 Thread 0x0000000017b29000 nmethod 3573 0x000000000322ea90 code [0x000000000322ed80, 0x0000000003230518]
Event: 6.694 Thread 0x0000000017b29000 3574       3       java.util.regex.Pattern$Node::<init> (12 bytes)
Event: 6.694 Thread 0x0000000017b29000 nmethod 3574 0x000000000324ec50 code [0x000000000324edc0, 0x000000000324ef90]

GC Heap History (10 events):
Event: 3.224 GC heap before
{Heap before GC invocations=7 (full 1):
 PSYoungGen      total 134656K, used 6406K [0x00000000eab00000, 0x00000000f3700000, 0x0000000100000000)
  eden space 126976K, 0% used [0x00000000eab00000,0x00000000eab00000,0x00000000f2700000)
  from space 7680K, 83% used [0x00000000f2f80000,0x00000000f35c1878,0x00000000f3700000)
  to   space 8192K, 0% used [0x00000000f2700000,0x00000000f2700000,0x00000000f2f00000)
 ParOldGen       total 84992K, used 6941K [0x00000000c0000000, 0x00000000c5300000, 0x00000000eab00000)
  object space 84992K, 8% used [0x00000000c0000000,0x00000000c06c7498,0x00000000c5300000)
 Metaspace       used 20455K, capacity 21150K, committed 21296K, reserved 1069056K
  class space    used 2471K, capacity 2647K, committed 2688K, reserved 1048576K
Event: 3.257 GC heap after
Heap after GC invocations=7 (full 1):
 PSYoungGen      total 134656K, used 0K [0x00000000eab00000, 0x00000000f3700000, 0x0000000100000000)
  eden space 126976K, 0% used [0x00000000eab00000,0x00000000eab00000,0x00000000f2700000)
  from space 7680K, 0% used [0x00000000f2f80000,0x00000000f2f80000,0x00000000f3700000)
  to   space 8192K, 0% used [0x00000000f2700000,0x00000000f2700000,0x00000000f2f00000)
 ParOldGen       total 52736K, used 8417K [0x00000000c0000000, 0x00000000c3380000, 0x00000000eab00000)
  object space 52736K, 15% used [0x00000000c0000000,0x00000000c0838588,0x00000000c3380000)
 Metaspace       used 20453K, capacity 21144K, committed 21296K, reserved 1069056K
  class space    used 2470K, capacity 2646K, committed 2688K, reserved 1048576K
}
Event: 3.366 GC heap before
{Heap before GC invocations=8 (full 1):
 PSYoungGen      total 134656K, used 126976K [0x00000000eab00000, 0x00000000f3700000, 0x0000000100000000)
  eden space 126976K, 100% used [0x00000000eab00000,0x00000000f2700000,0x00000000f2700000)
  from space 7680K, 0% used [0x00000000f2f80000,0x00000000f2f80000,0x00000000f3700000)
  to   space 8192K, 0% used [0x00000000f2700000,0x00000000f2700000,0x00000000f2f00000)
 ParOldGen       total 52736K, used 8417K [0x00000000c0000000, 0x00000000c3380000, 0x00000000eab00000)
  object space 52736K, 15% used [0x00000000c0000000,0x00000000c0838588,0x00000000c3380000)
 Metaspace       used 20661K, capacity 21426K, committed 21552K, reserved 1069056K
  class space    used 2516K, capacity 2687K, committed 2688K, reserved 1048576K
Event: 3.367 GC heap after
Heap after GC invocations=8 (full 1):
 PSYoungGen      total 135168K, used 945K [0x00000000eab00000, 0x00000000f8d80000, 0x0000000100000000)
  eden space 126976K, 0% used [0x00000000eab00000,0x00000000eab00000,0x00000000f2700000)
  from space 8192K, 11% used [0x00000000f2700000,0x00000000f27ec500,0x00000000f2f00000)
  to   space 9216K, 0% used [0x00000000f8480000,0x00000000f8480000,0x00000000f8d80000)
 ParOldGen       total 52736K, used 8425K [0x00000000c0000000, 0x00000000c3380000, 0x00000000eab00000)
  object space 52736K, 15% used [0x00000000c0000000,0x00000000c083a588,0x00000000c3380000)
 Metaspace       used 20661K, capacity 21426K, committed 21552K, reserved 1069056K
  class space    used 2516K, capacity 2687K, committed 2688K, reserved 1048576K
}
Event: 4.838 GC heap before
{Heap before GC invocations=9 (full 1):
 PSYoungGen      total 135168K, used 127921K [0x00000000eab00000, 0x00000000f8d80000, 0x0000000100000000)
  eden space 126976K, 100% used [0x00000000eab00000,0x00000000f2700000,0x00000000f2700000)
  from space 8192K, 11% used [0x00000000f2700000,0x00000000f27ec500,0x00000000f2f00000)
  to   space 9216K, 0% used [0x00000000f8480000,0x00000000f8480000,0x00000000f8d80000)
 ParOldGen       total 52736K, used 8425K [0x00000000c0000000, 0x00000000c3380000, 0x00000000eab00000)
  object space 52736K, 15% used [0x00000000c0000000,0x00000000c083a588,0x00000000c3380000)
 Metaspace       used 29230K, capacity 30494K, committed 30592K, reserved 1075200K
  class space    used 3700K, capacity 3943K, committed 3968K, reserved 1048576K
Event: 4.849 GC heap after
Heap after GC invocations=9 (full 1):
 PSYoungGen      total 217600K, used 9202K [0x00000000eab00000, 0x00000000f8d80000, 0x0000000100000000)
  eden space 208384K, 0% used [0x00000000eab00000,0x00000000eab00000,0x00000000f7680000)
  from space 9216K, 99% used [0x00000000f8480000,0x00000000f8d7c900,0x00000000f8d80000)
  to   space 11264K, 0% used [0x00000000f7780000,0x00000000f7780000,0x00000000f8280000)
 ParOldGen       total 52736K, used 10178K [0x00000000c0000000, 0x00000000c3380000, 0x00000000eab00000)
  object space 52736K, 19% used [0x00000000c0000000,0x00000000c09f0a38,0x00000000c3380000)
 Metaspace       used 29230K, capacity 30494K, committed 30592K, reserved 1075200K
  class space    used 3700K, capacity 3943K, committed 3968K, reserved 1048576K
}
Event: 6.500 GC heap before
{Heap before GC invocations=10 (full 1):
 PSYoungGen      total 217600K, used 99709K [0x00000000eab00000, 0x00000000f8d80000, 0x0000000100000000)
  eden space 208384K, 43% used [0x00000000eab00000,0x00000000f0362b88,0x00000000f7680000)
  from space 9216K, 99% used [0x00000000f8480000,0x00000000f8d7c900,0x00000000f8d80000)
  to   space 11264K, 0% used [0x00000000f7780000,0x00000000f7780000,0x00000000f8280000)
 ParOldGen       total 52736K, used 10178K [0x00000000c0000000, 0x00000000c3380000, 0x00000000eab00000)
  object space 52736K, 19% used [0x00000000c0000000,0x00000000c09f0a38,0x00000000c3380000)
 Metaspace       used 33617K, capacity 35386K, committed 35496K, reserved 1081344K
  class space    used 4233K, capacity 4563K, committed 4608K, reserved 1048576K
Event: 6.515 GC heap after
Heap after GC invocations=10 (full 1):
 PSYoungGen      total 220672K, used 9692K [0x00000000eab00000, 0x00000000fd900000, 0x0000000100000000)
  eden space 209408K, 0% used [0x00000000eab00000,0x00000000eab00000,0x00000000f7780000)
  from space 11264K, 86% used [0x00000000f7780000,0x00000000f80f7000,0x00000000f8280000)
  to   space 12288K, 0% used [0x00000000fcd00000,0x00000000fcd00000,0x00000000fd900000)
 ParOldGen       total 52736K, used 10186K [0x00000000c0000000, 0x00000000c3380000, 0x00000000eab00000)
  object space 52736K, 19% used [0x00000000c0000000,0x00000000c09f2a38,0x00000000c3380000)
 Metaspace       used 33617K, capacity 35386K, committed 35496K, reserved 1081344K
  class space    used 4233K, capacity 4563K, committed 4608K, reserved 1048576K
}
Event: 6.515 GC heap before
{Heap before GC invocations=11 (full 2):
 PSYoungGen      total 220672K, used 9692K [0x00000000eab00000, 0x00000000fd900000, 0x0000000100000000)
  eden space 209408K, 0% used [0x00000000eab00000,0x00000000eab00000,0x00000000f7780000)
  from space 11264K, 86% used [0x00000000f7780000,0x00000000f80f7000,0x00000000f8280000)
  to   space 12288K, 0% used [0x00000000fcd00000,0x00000000fcd00000,0x00000000fd900000)
 ParOldGen       total 52736K, used 10186K [0x00000000c0000000, 0x00000000c3380000, 0x00000000eab00000)
  object space 52736K, 19% used [0x00000000c0000000,0x00000000c09f2a38,0x00000000c3380000)
 Metaspace       used 33617K, capacity 35386K, committed 35496K, reserved 1081344K
  class space    used 4233K, capacity 4563K, committed 4608K, reserved 1048576K
Event: 6.591 GC heap after
Heap after GC invocations=11 (full 2):
 PSYoungGen      total 220672K, used 0K [0x00000000eab00000, 0x00000000fd900000, 0x0000000100000000)
  eden space 209408K, 0% used [0x00000000eab00000,0x00000000eab00000,0x00000000f7780000)
  from space 11264K, 0% used [0x00000000f7780000,0x00000000f7780000,0x00000000f8280000)
  to   space 12288K, 0% used [0x00000000fcd00000,0x00000000fcd00000,0x00000000fd900000)
 ParOldGen       total 52736K, used 15990K [0x00000000c0000000, 0x00000000c3380000, 0x00000000eab00000)
  object space 52736K, 30% used [0x00000000c0000000,0x00000000c0f9d9d8,0x00000000c3380000)
 Metaspace       used 33617K, capacity 35386K, committed 35496K, reserved 1081344K
  class space    used 4233K, capacity 4563K, committed 4608K, reserved 1048576K
}

Deoptimization events (10 events):
Event: 5.509 Thread 0x0000000003008000 Uncommon trap: reason=class_check action=maybe_recompile pc=0x00000000037d607c method=java.util.zip.InflaterInputStream.read([BII)I @ 100
Event: 5.509 Thread 0x0000000003008000 Uncommon trap: reason=class_check action=maybe_recompile pc=0x00000000037d607c method=java.util.zip.InflaterInputStream.read([BII)I @ 100
Event: 5.510 Thread 0x0000000003008000 Uncommon trap: reason=class_check action=maybe_recompile pc=0x00000000037d607c method=java.util.zip.InflaterInputStream.read([BII)I @ 100
Event: 5.559 Thread 0x0000000003008000 Uncommon trap: reason=unstable_if action=reinterpret pc=0x0000000003c92b80 method=java.util.jar.Manifest$FastInputStream.peek()B @ 8
Event: 6.413 Thread 0x000000001b307000 Uncommon trap: reason=unstable_if action=reinterpret pc=0x0000000003ca9f3c method=java.net.URL.<init>(Ljava/net/URL;Ljava/lang/String;Ljava/net/URLStreamHandler;)V @ 57
Event: 6.415 Thread 0x0000000003008000 Uncommon trap: reason=unstable_if action=reinterpret pc=0x000000000338ada4 method=java.lang.AbstractStringBuilder.append(Ljava/lang/String;)Ljava/lang/AbstractStringBuilder; @ 1
Event: 6.420 Thread 0x0000000003008000 Uncommon trap: reason=unstable_if action=reinterpret pc=0x0000000003c56c24 method=org.springframework.boot.context.properties.source.ConfigurationPropertyName$ElementsParser.add(IILorg/springframework/boot/context/properties/source/ConfigurationPropertyNa
Event: 6.446 Thread 0x0000000003008000 Uncommon trap: reason=null_check action=make_not_entrant pc=0x0000000003880818 method=org.springframework.util.ClassUtils.isAssignable(Ljava/lang/Class;Ljava/lang/Class;)Z @ 14
Event: 6.622 Thread 0x0000000003008000 Uncommon trap: reason=unstable_if action=reinterpret pc=0x00000000038e87fc method=java.util.regex.Pattern$CharProperty.match(Ljava/util/regex/Matcher;ILjava/lang/CharSequence;)Z @ 21
Event: 6.622 Thread 0x0000000003008000 Uncommon trap: reason=unstable_if action=reinterpret pc=0x0000000003906bd0 method=java.util.regex.Pattern$BmpCharProperty.match(Ljava/util/regex/Matcher;ILjava/lang/CharSequence;)Z @ 5

Internal exceptions (10 events):
Event: 4.725 Thread 0x0000000003008000 Exception <a 'java/lang/ClassNotFoundException': org/springframework/beans/factory/AwareCustomizer> (0x00000000f200c8d8) thrown at [C:\re\workspace\8-2-build-windows-amd64-cygwin\jdk8u121\8372\hotspot\src\share\vm\classfile\systemDictionary.cpp, line 210]
Event: 4.725 Thread 0x0000000003008000 Implicit null exception at 0x0000000003910e0c to 0x0000000003910f81
Event: 4.838 Thread 0x0000000003008000 Implicit null exception at 0x0000000003a70227 to 0x0000000003a70369
Event: 4.891 Thread 0x0000000003008000 Exception <a 'java/lang/IncompatibleClassChangeError': Found class java.lang.Object, but interface was expected> (0x00000000eacd5038) thrown at [C:\re\workspace\8-2-build-windows-amd64-cygwin\jdk8u121\8372\hotspot\src\share\vm\interpreter\linkResolver.cpp
Event: 4.896 Thread 0x0000000003008000 Exception <a 'java/lang/NoSuchMethodError': java.lang.Object.lambda$and$0(Ljava/util/function/Predicate;Ljava/lang/Object;)Z> (0x00000000ead18318) thrown at [C:\re\workspace\8-2-build-windows-amd64-cygwin\jdk8u121\8372\hotspot\src\share\vm\interpreter\lin
Event: 6.256 Thread 0x0000000003008000 Exception <a 'java/io/FileNotFoundException'> (0x00000000eea31858) thrown at [C:\re\workspace\8-2-build-windows-amd64-cygwin\jdk8u121\8372\hotspot\src\share\vm\prims\jni.cpp, line 709]
Event: 6.256 Thread 0x0000000003008000 Exception <a 'java/io/FileNotFoundException'> (0x00000000eea32728) thrown at [C:\re\workspace\8-2-build-windows-amd64-cygwin\jdk8u121\8372\hotspot\src\share\vm\prims\jni.cpp, line 709]
Event: 6.355 Thread 0x0000000003008000 Exception <a 'java/io/FileNotFoundException'> (0x00000000eeff0398) thrown at [C:\re\workspace\8-2-build-windows-amd64-cygwin\jdk8u121\8372\hotspot\src\share\vm\prims\jni.cpp, line 709]
Event: 6.396 Thread 0x0000000003008000 Exception <a 'java/lang/NoSuchMethodError': java.lang.Object.lambda$static$0(Ljava/lang/Object;)Ljava/lang/Object;> (0x00000000ef4b66d0) thrown at [C:\re\workspace\8-2-build-windows-amd64-cygwin\jdk8u121\8372\hotspot\src\share\vm\interpreter\linkResolver.
Event: 6.415 Thread 0x0000000003008000 Implicit null exception at 0x000000000338a9d4 to 0x000000000338ad8d

Events (10 events):
Event: 6.699 loading class java/util/regex/Pattern$Neg
Event: 6.699 loading class java/util/regex/Pattern$Neg done
Event: 6.700 loading class com/mysql/cj/util/StringUtils
Event: 6.700 loading class com/mysql/cj/util/StringUtils done
Event: 6.702 loading class com/mysql/cj/util/StringUtils$SearchMode
Event: 6.702 loading class com/mysql/cj/util/StringUtils$SearchMode done
Event: 6.702 loading class com/mysql/cj/exceptions/NumberOutOfRange
Event: 6.702 loading class com/mysql/cj/exceptions/NumberOutOfRange done
Event: 6.702 loading class com/mysql/cj/exceptions/DataReadException
Event: 6.702 loading class com/mysql/cj/exceptions/DataReadException done


Dynamic libraries:
0x00007ff6c81f0000 - 0x00007ff6c8227000 	C:\Program Files\Java\jdk1.8.0_121\bin\java.exe
0x00007ffc7ce50000 - 0x00007ffc7d031000 	C:\Windows\SYSTEM32\ntdll.dll
0x00007ffc7bab0000 - 0x00007ffc7bb61000 	C:\Windows\System32\KERNEL32.DLL
0x00007ffc79320000 - 0x00007ffc79593000 	C:\Windows\System32\KERNELBASE.dll
0x00007ffc7cb80000 - 0x00007ffc7cc21000 	C:\Windows\System32\ADVAPI32.dll
0x00007ffc7bb70000 - 0x00007ffc7bc0e000 	C:\Windows\System32\msvcrt.dll
0x00007ffc7bc20000 - 0x00007ffc7bc7b000 	C:\Windows\System32\sechost.dll
0x00007ffc7a4e0000 - 0x00007ffc7a604000 	C:\Windows\System32\RPCRT4.dll
0x00007ffc7c3d0000 - 0x00007ffc7c560000 	C:\Windows\System32\USER32.dll
0x00007ffc79cb0000 - 0x00007ffc79cd0000 	C:\Windows\System32\win32u.dll
0x00007ffc7cad0000 - 0x00007ffc7caf8000 	C:\Windows\System32\GDI32.dll
0x00007ffc79f50000 - 0x00007ffc7a0e1000 	C:\Windows\System32\gdi32full.dll
0x00007ffc79220000 - 0x00007ffc792bf000 	C:\Windows\System32\msvcp_win.dll
0x00007ffc79cd0000 - 0x00007ffc79dc8000 	C:\Windows\System32\ucrtbase.dll
0x00007ffc64d00000 - 0x00007ffc64f69000 	C:\Windows\WinSxS\amd64_microsoft.windows.common-controls_6595b64144ccf1df_6.0.17134.885_none_fb42a3473065565f\COMCTL32.dll
0x00007ffc7c700000 - 0x00007ffc7ca22000 	C:\Windows\System32\combase.dll
0x00007ffc79ed0000 - 0x00007ffc79f49000 	C:\Windows\System32\bcryptPrimitives.dll
0x00007ffc7caa0000 - 0x00007ffc7cacd000 	C:\Windows\System32\IMM32.DLL
0x000000005f610000 - 0x000000005f6e2000 	C:\Program Files\Java\jdk1.8.0_121\jre\bin\msvcr100.dll
0x000000005dca0000 - 0x000000005e53b000 	C:\Program Files\Java\jdk1.8.0_121\jre\bin\server\jvm.dll
0x00007ffc7bc10000 - 0x00007ffc7bc18000 	C:\Windows\System32\PSAPI.DLL
0x00007ffc75aa0000 - 0x00007ffc75ac3000 	C:\Windows\SYSTEM32\WINMM.dll
0x00007ffc73810000 - 0x00007ffc73819000 	C:\Windows\SYSTEM32\WSOCK32.dll
0x00007ffc73540000 - 0x00007ffc7354a000 	C:\Windows\SYSTEM32\VERSION.dll
0x00007ffc7cdb0000 - 0x00007ffc7ce1c000 	C:\Windows\System32\WS2_32.dll
0x00007ffc75a70000 - 0x00007ffc75a9a000 	C:\Windows\SYSTEM32\WINMMBASE.dll
0x00007ffc79dd0000 - 0x00007ffc79e19000 	C:\Windows\System32\cfgmgr32.dll
0x000000005f600000 - 0x000000005f60f000 	C:\Program Files\Java\jdk1.8.0_121\jre\bin\verify.dll
0x000000005f5d0000 - 0x000000005f5f9000 	C:\Program Files\Java\jdk1.8.0_121\jre\bin\java.dll
0x000000005ebf0000 - 0x000000005ec06000 	C:\Program Files\Java\jdk1.8.0_121\jre\bin\zip.dll
0x00007ffc7a670000 - 0x00007ffc7bab0000 	C:\Windows\System32\SHELL32.dll
0x00007ffc7cc30000 - 0x00007ffc7ccd9000 	C:\Windows\System32\shcore.dll
0x00007ffc795a0000 - 0x00007ffc79cad000 	C:\Windows\System32\windows.storage.dll
0x00007ffc7a610000 - 0x00007ffc7a661000 	C:\Windows\System32\shlwapi.dll
0x00007ffc791e0000 - 0x00007ffc791f1000 	C:\Windows\System32\kernel.appcore.dll
0x00007ffc79170000 - 0x00007ffc7918f000 	C:\Windows\System32\profapi.dll
0x00007ffc79190000 - 0x00007ffc791dc000 	C:\Windows\System32\powrprof.dll
0x00007ffc79160000 - 0x00007ffc7916a000 	C:\Windows\System32\FLTLIB.DLL
0x000000005eb90000 - 0x000000005eb9d000 	C:\Program Files\Java\jdk1.8.0_121\jre\bin\management.dll
0x000000005ebc0000 - 0x000000005ebda000 	C:\Program Files\Java\jdk1.8.0_121\jre\bin\net.dll
0x00007ffc78930000 - 0x00007ffc78996000 	C:\Windows\system32\mswsock.dll
0x00007ffc63150000 - 0x00007ffc63166000 	C:\Windows\system32\napinsp.dll
0x00007ffc631a0000 - 0x00007ffc631ba000 	C:\Windows\system32\pnrpnsp.dll
0x00007ffc75540000 - 0x00007ffc75559000 	C:\Windows\system32\NLAapi.dll
0x00007ffc78710000 - 0x00007ffc787ce000 	C:\Windows\SYSTEM32\DNSAPI.dll
0x00007ffc7ca90000 - 0x00007ffc7ca98000 	C:\Windows\System32\NSI.dll
0x00007ffc786d0000 - 0x00007ffc78708000 	C:\Windows\SYSTEM32\IPHLPAPI.DLL
0x00007ffc630a0000 - 0x00007ffc630ae000 	C:\Windows\System32\winrnr.dll
0x00007ffc64c90000 - 0x00007ffc64ca5000 	C:\Windows\System32\wshbth.dll
0x00007ffc728d0000 - 0x00007ffc728da000 	C:\Windows\System32\rasadhlp.dll
0x00007ffc74cd0000 - 0x00007ffc74d42000 	C:\Windows\System32\fwpuclnt.dll
0x00007ffc78e80000 - 0x00007ffc78ea5000 	C:\Windows\SYSTEM32\bcrypt.dll
0x000000005eba0000 - 0x000000005ebb1000 	C:\Program Files\Java\jdk1.8.0_121\jre\bin\nio.dll
0x00007ffc78ec0000 - 0x00007ffc78ed7000 	C:\Windows\SYSTEM32\CRYPTSP.dll
0x00007ffc78300000 - 0x00007ffc78333000 	C:\Windows\system32\rsaenh.dll
0x00007ffc79090000 - 0x00007ffc790b8000 	C:\Windows\SYSTEM32\USERENV.dll
0x00007ffc78af0000 - 0x00007ffc78afb000 	C:\Windows\SYSTEM32\CRYPTBASE.dll
0x00007ffc74c00000 - 0x00007ffc74c16000 	C:\Windows\SYSTEM32\dhcpcsvc6.DLL
0x00007ffc746b0000 - 0x00007ffc746ca000 	C:\Windows\SYSTEM32\dhcpcsvc.DLL

VM Arguments:
jvm_args: -Xmx1024M -Dfile.encoding=windows-1252 -Duser.country=IN -Duser.language=en -Duser.variant 
java_command: com.ns.dataloading.DataloadingApplication
java_class_path (initial): D:\dataloading\build\classes\java\main;D:\dataloading\build\resources\main;C:\Users\jurlana\.gradle\caches\modules-2\files-2.1\com.redislabs\jredisgraph\2.0.2\c02943696739b567335a1c1734372b4ec562094b\jredisgraph-2.0.2.jar;C:\Users\jurlana\.gradle\caches\modules-2\files-2.1\org.springframework.boot\spring-boot-starter-data-jpa\2.3.0.RELEASE\6b22be56519c62c5f4a8e09f944b5a9ba75c068c\spring-boot-starter-data-jpa-2.3.0.RELEASE.jar;C:\Users\jurlana\.gradle\caches\modules-2\files-2.1\org.springframework.boot\spring-boot-starter-data-redis-reactive\2.3.0.RELEASE\3f351880769dcbdc2c676ed6935477f49793e951\spring-boot-starter-data-redis-reactive-2.3.0.RELEASE.jar;C:\Users\jurlana\.gradle\caches\modules-2\files-2.1\org.springframework.boot\spring-boot-starter-web\2.3.0.RELEASE\459a5d406c56770d9616c5b272bae9fbc777a994\spring-boot-starter-web-2.3.0.RELEASE.jar;C:\Users\jurlana\.gradle\caches\modules-2\files-2.1\org.springframework.boot\spring-boot-starter-data-redis\2.3.0.RELEASE\fa393e081b3b0fa1e391780f01087b1708d4d67d\spring-boot-starter-data-redis-2.3.0.RELEASE.jar;C:\Users\jurlana\.gradle\caches\modules-2\files-2.1\org.springframework.boot\spring-boot-starter-aop\2.3.0.RELEASE\837e8fce81560ec58fc16bf6f889da617104e109\spring-boot-starter-aop-2.3.0.RELEASE.jar;C:\Users\jurlana\.gradle\caches\modules-2\files-2.1\org.springframework.boot\spring-boot-starter-jdbc\2.3.0.RELEASE\ddc9ee3da589998143de4cada9d5e3aa1dc39f83\spring-boot-starter-jdbc-2.3.0.RELEASE.jar;C:\Users\jurlana\.gradle\caches\modules-2\files-2.1\org.springframework.boot\spring-boot-starter-json\2.3.0.RELEASE\dfdd3336ee920e4bc75f4ed726c3894c7821c31b\spring-boot-starter-json-2.3.0.RELEASE.jar;C:\Users\jurlana\.gradle\caches\modules-2\files-2.1\org.springframework.boot\spring-boot-starter\2.3.0.RELEASE\7b65ef478cf4d21ec70432e11055c2c83371b305\spring-boot-starter-2.3.0.RELEASE.jar;C:\Users\jurlana\.gradle\caches\modules-2\files-2.1\org.springframework.boot\spring-boot-starter-tomcat\2.3.0.REL
Launcher Type: SUN_STANDARD

Environment Variables:
JAVA_HOME=C:\Program Files\Java\jdk1.8.0_121
PATH=C:\ProgramData\Oracle\Java\javapath;C:\Program Files\Microsoft MPI\Bin\;C:\Windows\system32;C:\Windows;C:\Windows\System32\Wbem;C:\Windows\System32\WindowsPowerShell\v1.0\;C:\Windows\System32\OpenSSH\;C:\Program Files\dotnet\;C:\Program Files (x86)\Microsoft SQL Server\140\Tools\Binn\;C:\Program Files\Microsoft SQL Server\140\Tools\Binn\;C:\Program Files (x86)\Microsoft SQL Server\140\DTS\Binn\;C:\Program Files\Microsoft SQL Server\140\DTS\Binn\;C:\Program Files\Microsoft SQL Server\Client SDK\ODBC\130\Tools\Binn\;C:\Program Files (x86)\Microsoft SQL Server\Client SDK\ODBC\130\Tools\Binn\;C:\Program Files (x86)\Microsoft SQL Server\140\Tools\Binn\ManagementStudio\;C:\Program Files (x86)\Microsoft SQL Server\110\DTS\Binn\;C:\Program Files (x86)\Microsoft SQL Server\120\DTS\Binn\;C:\Program Files (x86)\Microsoft SQL Server\130\DTS\Binn\;C:\Program Files\Microsoft SQL Server\130\Tools\Binn\;C:\Program Files\nodejs\;C:\Program Files (x86)\Intel\Intel(R) Management Engine Components\DAL;C:\Program Files\Intel\Intel(R) Management Engine Components\DAL;C:\Program Files\Microsoft SQL Server\Client SDK\ODBC\170\Tools\Binn\;C:\Program Files (x86)\dotnet\;D:\Softwares\Softwares\redis-64.3.0.503;;C:\Program Files\Docker\Docker\resources\bin;C:\ProgramData\DockerDesktop\version-bin;C:\Users\jurlana\AppData\Local\Microsoft\WindowsApps;C:\Users\jurlana\AppData\Roaming\npm;C:\Users\jurlana\AppData\Local\Programs\Git\cmd;C:\Users\jurlana\AppData\Local\Programs\Microsoft VS Code\bin;C:\Users\jurlana\.dotnet\tools
USERNAME=jurlana
OS=Windows_NT
PROCESSOR_IDENTIFIER=Intel64 Family 6 Model 142 Stepping 10, GenuineIntel



---------------  S Y S T E M  ---------------

OS: Windows 10.0 , 64 bit Build 17134 (10.0.17134.753)

CPU:total 8 (4 cores per cpu, 2 threads per core) family 6 model 142 stepping 10, cmov, cx8, fxsr, mmx, sse, sse2, sse3, ssse3, sse4.1, sse4.2, popcnt, avx, avx2, aes, clmul, erms, 3dnowpref, lzcnt, ht, tsc, tscinvbit, bmi1, bmi2, adx

Memory: 4k page, physical 8045496k(482972k free), swap 26432308k(4132k free)

vm_info: Java HotSpot(TM) 64-Bit Server VM (25.121-b13) for windows-amd64 JRE (1.8.0_121-b13), built on Dec 12 2016 18:21:36 by "java_re" with MS VC++ 10.0 (VS2010)

time: Thu Jun 04 15:50:00 2020
elapsed time: 6 seconds (0d 0h 0m 6s)

