#
# There is insufficient memory for the Java Runtime Environment to continue.
# Native memory allocation (malloc) failed to allocate 1634416 bytes for Chunk::new
# Possible reasons:
#   The system is out of physical RAM or swap space
#   In 32 bit mode, the process size limit was hit
# Possible solutions:
#   Reduce memory load on the system
#   Increase physical memory or swap space
#   Check if swap backing store is full
#   Use 64 bit Java on a 64 bit OS
#   Decrease Java heap size (-Xmx/-Xms)
#   Decrease number of Java threads
#   Decrease Java thread stack sizes (-Xss)
#   Set larger code cache with -XX:ReservedCodeCacheSize=
# This output file may be truncated or incomplete.
#
#  Out of Memory Error (allocation.cpp:390), pid=15920, tid=0x00000000000032d8
#
# JRE version: Java(TM) SE Runtime Environment (8.0_121-b13) (build 1.8.0_121-b13)
# Java VM: Java HotSpot(TM) 64-Bit Server VM (25.121-b13 mixed mode windows-amd64 compressed oops)
# Failed to write core dump. Minidumps are not enabled by default on client versions of Windows
#

---------------  T H R E A D  ---------------

Current thread (0x0000000016536800):  JavaThread "C2 CompilerThread1" daemon [_thread_in_native, id=13016, stack(0x00000000170d0000,0x00000000171d0000)]

Stack: [0x00000000170d0000,0x00000000171d0000]
[error occurred during error reporting (printing stack bounds), id 0xc0000005]

Native frames: (J=compiled Java code, j=interpreted, Vv=VM code, C=native code)


Current CompileTask:
C2:   7893 2776       4       org.objectweb.asm.Frame::execute (2318 bytes)


---------------  P R O C E S S  ---------------

Java Threads: ( => current thread )
  0x00000000192b1800 JavaThread "Cache worker for execution history cache (C:\Users\jurlana\.gradle\caches\6.3\executionHistory)" [_thread_blocked, id=17060, stack(0x0000000022ad0000,0x0000000022bd0000)]
  0x00000000192b6000 JavaThread "Cache worker for cache directory md-rule (C:\Users\jurlana\.gradle\caches\6.3\md-rule)" [_thread_blocked, id=19848, stack(0x0000000021910000,0x0000000021a10000)]
  0x00000000192b5800 JavaThread "Cache worker for cache directory md-supplier (C:\Users\jurlana\.gradle\caches\6.3\md-supplier)" [_thread_blocked, id=8396, stack(0x0000000021810000,0x0000000021910000)]
  0x00000000192b4000 JavaThread "Cache worker for file hash cache (D:\dataloading\.gradle\6.3\fileHashes)" [_thread_blocked, id=18200, stack(0x0000000021710000,0x0000000021810000)]
  0x00000000192b3000 JavaThread "Cache worker for checksums cache (D:\dataloading\.gradle\checksums)" [_thread_blocked, id=12108, stack(0x000000001dbd0000,0x000000001dcd0000)]
  0x00000000192b1000 JavaThread "Cache worker for file hash cache (C:\Users\jurlana\.gradle\caches\6.3\fileHashes)" [_thread_blocked, id=11800, stack(0x000000001b4f0000,0x000000001b5f0000)]
  0x00000000192b2800 JavaThread "File lock request listener" [_thread_in_native, id=19076, stack(0x000000001b3f0000,0x000000001b4f0000)]
  0x00000000192b4800 JavaThread "Cache worker for journal cache (C:\Users\jurlana\.gradle\caches\journal-1)" [_thread_blocked, id=16652, stack(0x000000001b2f0000,0x000000001b3f0000)]
  0x0000000019294000 JavaThread "Thread-9" [_thread_blocked, id=15780, stack(0x000000001aff0000,0x000000001b0f0000)]
  0x000000001928e800 JavaThread "Stdin handler" [_thread_blocked, id=17128, stack(0x000000001aef0000,0x000000001aff0000)]
  0x000000001928d800 JavaThread "Asynchronous log dispatcher for DefaultDaemonConnection: socket connection from /127.0.0.1:64031 to /127.0.0.1:64032" [_thread_blocked, id=3484, stack(0x000000001adf0000,0x000000001aef0000)]
  0x000000001927c800 JavaThread "Daemon worker" [_thread_in_vm, id=600, stack(0x000000001acf0000,0x000000001adf0000)]
  0x0000000019279800 JavaThread "Cancel handler" [_thread_blocked, id=14124, stack(0x000000001abf0000,0x000000001acf0000)]
  0x000000001920a000 JavaThread "Handler for socket connection from /127.0.0.1:64031 to /127.0.0.1:64032" [_thread_in_native, id=10888, stack(0x000000001a7f0000,0x000000001a8f0000)]
  0x0000000019334000 JavaThread "Daemon" [_thread_blocked, id=10476, stack(0x000000001a6f0000,0x000000001a7f0000)]
  0x0000000019213800 JavaThread "Daemon periodic checks" [_thread_blocked, id=18420, stack(0x000000001a5f0000,0x000000001a6f0000)]
  0x0000000019223000 JavaThread "Incoming local TCP Connector on port 64031" [_thread_in_native, id=3344, stack(0x000000001a3b0000,0x000000001a4b0000)]
  0x00000000191c1000 JavaThread "Daemon health stats" [_thread_blocked, id=14916, stack(0x0000000019d70000,0x0000000019e70000)]
  0x00000000165cc800 JavaThread "Service Thread" daemon [_thread_blocked, id=2056, stack(0x00000000173d0000,0x00000000174d0000)]
  0x0000000016567800 JavaThread "C1 CompilerThread3" daemon [_thread_in_native, id=10532, stack(0x00000000172d0000,0x00000000173d0000)]
  0x0000000016542800 JavaThread "C2 CompilerThread2" daemon [_thread_in_native, id=13156, stack(0x00000000171d0000,0x00000000172d0000)]
=>0x0000000016536800 JavaThread "C2 CompilerThread1" daemon [_thread_in_native, id=13016, stack(0x00000000170d0000,0x00000000171d0000)]
  0x000000001653d000 JavaThread "C2 CompilerThread0" daemon [_thread_in_native, id=7428, stack(0x0000000016fd0000,0x00000000170d0000)]
  0x0000000016521800 JavaThread "JDWP Command Reader" daemon [_thread_in_native, id=5368, stack(0x0000000016ed0000,0x0000000016fd0000)]
  0x000000001651e800 JavaThread "JDWP Event Helper Thread" daemon [_thread_blocked, id=16320, stack(0x0000000016dd0000,0x0000000016ed0000)]
  0x0000000016512000 JavaThread "JDWP Transport Listener: dt_socket" daemon [_thread_blocked, id=12504, stack(0x0000000016cd0000,0x0000000016dd0000)]
  0x0000000016509000 JavaThread "Attach Listener" daemon [_thread_blocked, id=16400, stack(0x0000000016bd0000,0x0000000016cd0000)]
  0x0000000016508000 JavaThread "Signal Dispatcher" daemon [_thread_blocked, id=3224, stack(0x0000000016ad0000,0x0000000016bd0000)]
  0x0000000016500800 JavaThread "Finalizer" daemon [_thread_blocked, id=5136, stack(0x00000000168e0000,0x00000000169e0000)]
  0x0000000002e37800 JavaThread "Reference Handler" daemon [_thread_blocked, id=6472, stack(0x00000000163e0000,0x00000000164e0000)]
  0x0000000002d42800 JavaThread "main" [_thread_blocked, id=5876, stack(0x0000000002b80000,0x0000000002c80000)]

Other Threads:
  0x00000000145fa000 VMThread [stack: 0x00000000162e0000,0x00000000163e0000] [id=18524]
  0x00000000165d4800 WatcherThread [stack: 0x00000000174d0000,0x00000000175d0000] [id=8416]

VM state:not at safepoint (normal execution)

VM Mutex/Monitor currently owned by a thread: None

Heap:
 PSYoungGen      total 76288K, used 6507K [0x00000000f5580000, 0x00000000fc880000, 0x0000000100000000)
  eden space 65536K, 9% used [0x00000000f5580000,0x00000000f5bdad58,0x00000000f9580000)
  from space 10752K, 0% used [0x00000000f9580000,0x00000000f9580000,0x00000000fa000000)
  to   space 12288K, 0% used [0x00000000fbc80000,0x00000000fbc80000,0x00000000fc880000)
 ParOldGen       total 202240K, used 15788K [0x00000000e0000000, 0x00000000ec580000, 0x00000000f5580000)
  object space 202240K, 7% used [0x00000000e0000000,0x00000000e0f6b1f0,0x00000000ec580000)
 Metaspace       used 35016K, capacity 35848K, committed 35968K, reserved 1081344K
  class space    used 4674K, capacity 4895K, committed 4992K, reserved 1048576K

Card table byte_map: [0x0000000012200000,0x0000000012310000] byte_map_base: 0x0000000011b00000

Marking Bits: (ParMarkBitMap*) 0x000000005e4bb6d0
 Begin Bits: [0x0000000012b10000, 0x0000000013310000)
 End Bits:   [0x0000000013310000, 0x0000000013b10000)

Polling page: 0x0000000001290000

CodeCache: size=245760Kb used=11390Kb max_used=11390Kb free=234369Kb
 bounds [0x0000000002e40000, 0x0000000003970000, 0x0000000011e40000]
 total_blobs=3526 nmethods=2824 adapters=622
 compilation: enabled

Compilation events (10 events):
Event: 7.839 Thread 0x0000000016567800 nmethod 2836 0x000000000395ae90 code [0x000000000395b100, 0x000000000395c478]
Event: 7.849 Thread 0x0000000016567800 2838       3       java.util.regex.Pattern$CharProperty::study (29 bytes)
Event: 7.849 Thread 0x0000000016567800 nmethod 2838 0x0000000002f677d0 code [0x0000000002f67940, 0x0000000002f67b88]
Event: 7.875 Thread 0x0000000016567800 2839       3       org.codehaus.groovy.antlr.SourceBuffer::write (47 bytes)
Event: 7.876 Thread 0x0000000016567800 nmethod 2839 0x000000000395ccd0 code [0x000000000395cec0, 0x000000000395d8c8]
Event: 7.877 Thread 0x0000000016567800 2840   !   3       java.io.StringReader::read (52 bytes)
Event: 7.878 Thread 0x0000000016567800 nmethod 2840 0x000000000395ded0 code [0x000000000395e0a0, 0x000000000395e818]
Event: 7.880 Thread 0x0000000016567800 2841       3       org.codehaus.groovy.antlr.parser.GroovyRecognizer::additiveExpression (226 bytes)
Event: 7.885 Thread 0x0000000016567800 nmethod 2841 0x000000000395ecd0 code [0x000000000395f180, 0x0000000003962338]
Event: 7.886 Thread 0x0000000016567800 2847       3       org.codehaus.groovy.antlr.parser.GroovyLexer::mIDENT (698 bytes)

GC Heap History (10 events):
Event: 5.036 GC heap before
{Heap before GC invocations=3 (full 0):
 PSYoungGen      total 76288K, used 72854K [0x00000000f5580000, 0x00000000faa80000, 0x0000000100000000)
  eden space 65536K, 96% used [0x00000000f5580000,0x00000000f9321c70,0x00000000f9580000)
  from space 10752K, 90% used [0x00000000fa000000,0x00000000fa983e90,0x00000000faa80000)
  to   space 10752K, 0% used [0x00000000f9580000,0x00000000f9580000,0x00000000fa000000)
 ParOldGen       total 175104K, used 24K [0x00000000e0000000, 0x00000000eab00000, 0x00000000f5580000)
  object space 175104K, 0% used [0x00000000e0000000,0x00000000e0006000,0x00000000eab00000)
 Metaspace       used 20589K, capacity 21174K, committed 21296K, reserved 1067008K
  class space    used 2933K, capacity 3139K, committed 3200K, reserved 1048576K
Event: 5.049 GC heap after
Heap after GC invocations=3 (full 0):
 PSYoungGen      total 76288K, used 10748K [0x00000000f5580000, 0x00000000faa80000, 0x0000000100000000)
  eden space 65536K, 0% used [0x00000000f5580000,0x00000000f5580000,0x00000000f9580000)
  from space 10752K, 99% used [0x00000000f9580000,0x00000000f9fff250,0x00000000fa000000)
  to   space 10752K, 0% used [0x00000000fa000000,0x00000000fa000000,0x00000000faa80000)
 ParOldGen       total 175104K, used 625K [0x00000000e0000000, 0x00000000eab00000, 0x00000000f5580000)
  object space 175104K, 0% used [0x00000000e0000000,0x00000000e009c760,0x00000000eab00000)
 Metaspace       used 20589K, capacity 21174K, committed 21296K, reserved 1067008K
  class space    used 2933K, capacity 3139K, committed 3200K, reserved 1048576K
}
Event: 5.049 GC heap before
{Heap before GC invocations=4 (full 1):
 PSYoungGen      total 76288K, used 10748K [0x00000000f5580000, 0x00000000faa80000, 0x0000000100000000)
  eden space 65536K, 0% used [0x00000000f5580000,0x00000000f5580000,0x00000000f9580000)
  from space 10752K, 99% used [0x00000000f9580000,0x00000000f9fff250,0x00000000fa000000)
  to   space 10752K, 0% used [0x00000000fa000000,0x00000000fa000000,0x00000000faa80000)
 ParOldGen       total 175104K, used 625K [0x00000000e0000000, 0x00000000eab00000, 0x00000000f5580000)
  object space 175104K, 0% used [0x00000000e0000000,0x00000000e009c760,0x00000000eab00000)
 Metaspace       used 20589K, capacity 21174K, committed 21296K, reserved 1067008K
  class space    used 2933K, capacity 3139K, committed 3200K, reserved 1048576K
Event: 5.105 GC heap after
Heap after GC invocations=4 (full 1):
 PSYoungGen      total 76288K, used 0K [0x00000000f5580000, 0x00000000faa80000, 0x0000000100000000)
  eden space 65536K, 0% used [0x00000000f5580000,0x00000000f5580000,0x00000000f9580000)
  from space 10752K, 0% used [0x00000000f9580000,0x00000000f9580000,0x00000000fa000000)
  to   space 10752K, 0% used [0x00000000fa000000,0x00000000fa000000,0x00000000faa80000)
 ParOldGen       total 175104K, used 10927K [0x00000000e0000000, 0x00000000eab00000, 0x00000000f5580000)
  object space 175104K, 6% used [0x00000000e0000000,0x00000000e0aabf70,0x00000000eab00000)
 Metaspace       used 20589K, capacity 21174K, committed 21296K, reserved 1067008K
  class space    used 2933K, capacity 3139K, committed 3200K, reserved 1048576K
}
Event: 6.232 GC heap before
{Heap before GC invocations=5 (full 1):
 PSYoungGen      total 76288K, used 65536K [0x00000000f5580000, 0x00000000faa80000, 0x0000000100000000)
  eden space 65536K, 100% used [0x00000000f5580000,0x00000000f9580000,0x00000000f9580000)
  from space 10752K, 0% used [0x00000000f9580000,0x00000000f9580000,0x00000000fa000000)
  to   space 10752K, 0% used [0x00000000fa000000,0x00000000fa000000,0x00000000faa80000)
 ParOldGen       total 175104K, used 10927K [0x00000000e0000000, 0x00000000eab00000, 0x00000000f5580000)
  object space 175104K, 6% used [0x00000000e0000000,0x00000000e0aabf70,0x00000000eab00000)
 Metaspace       used 28127K, capacity 28782K, committed 28928K, reserved 1075200K
  class space    used 3824K, capacity 4017K, committed 4096K, reserved 1048576K
Event: 6.237 GC heap after
Heap after GC invocations=5 (full 1):
 PSYoungGen      total 76288K, used 7908K [0x00000000f5580000, 0x00000000fc100000, 0x0000000100000000)
  eden space 65536K, 0% used [0x00000000f5580000,0x00000000f5580000,0x00000000f9580000)
  from space 10752K, 73% used [0x00000000fa000000,0x00000000fa7b9108,0x00000000faa80000)
  to   space 10752K, 0% used [0x00000000f9580000,0x00000000f9580000,0x00000000fa000000)
 ParOldGen       total 175104K, used 10935K [0x00000000e0000000, 0x00000000eab00000, 0x00000000f5580000)
  object space 175104K, 6% used [0x00000000e0000000,0x00000000e0aadf70,0x00000000eab00000)
 Metaspace       used 28127K, capacity 28782K, committed 28928K, reserved 1075200K
  class space    used 3824K, capacity 4017K, committed 4096K, reserved 1048576K
}
Event: 7.540 GC heap before
{Heap before GC invocations=6 (full 1):
 PSYoungGen      total 76288K, used 69106K [0x00000000f5580000, 0x00000000fc100000, 0x0000000100000000)
  eden space 65536K, 93% used [0x00000000f5580000,0x00000000f9143930,0x00000000f9580000)
  from space 10752K, 73% used [0x00000000fa000000,0x00000000fa7b9108,0x00000000faa80000)
  to   space 10752K, 0% used [0x00000000f9580000,0x00000000f9580000,0x00000000fa000000)
 ParOldGen       total 175104K, used 10935K [0x00000000e0000000, 0x00000000eab00000, 0x00000000f5580000)
  object space 175104K, 6% used [0x00000000e0000000,0x00000000e0aadf70,0x00000000eab00000)
 Metaspace       used 34636K, capacity 35400K, committed 35496K, reserved 1079296K
  class space    used 4607K, capacity 4821K, committed 4864K, reserved 1048576K
Event: 7.560 GC heap after
Heap after GC invocations=6 (full 1):
 PSYoungGen      total 76288K, used 8883K [0x00000000f5580000, 0x00000000fc880000, 0x0000000100000000)
  eden space 65536K, 0% used [0x00000000f5580000,0x00000000f5580000,0x00000000f9580000)
  from space 10752K, 82% used [0x00000000f9580000,0x00000000f9e2cf90,0x00000000fa000000)
  to   space 12288K, 0% used [0x00000000fbc80000,0x00000000fbc80000,0x00000000fc880000)
 ParOldGen       total 175104K, used 10943K [0x00000000e0000000, 0x00000000eab00000, 0x00000000f5580000)
  object space 175104K, 6% used [0x00000000e0000000,0x00000000e0aaff70,0x00000000eab00000)
 Metaspace       used 34636K, capacity 35400K, committed 35496K, reserved 1079296K
  class space    used 4607K, capacity 4821K, committed 4864K, reserved 1048576K
}
Event: 7.560 GC heap before
{Heap before GC invocations=7 (full 2):
 PSYoungGen      total 76288K, used 8883K [0x00000000f5580000, 0x00000000fc880000, 0x0000000100000000)
  eden space 65536K, 0% used [0x00000000f5580000,0x00000000f5580000,0x00000000f9580000)
  from space 10752K, 82% used [0x00000000f9580000,0x00000000f9e2cf90,0x00000000fa000000)
  to   space 12288K, 0% used [0x00000000fbc80000,0x00000000fbc80000,0x00000000fc880000)
 ParOldGen       total 175104K, used 10943K [0x00000000e0000000, 0x00000000eab00000, 0x00000000f5580000)
  object space 175104K, 6% used [0x00000000e0000000,0x00000000e0aaff70,0x00000000eab00000)
 Metaspace       used 34636K, capacity 35400K, committed 35496K, reserved 1079296K
  class space    used 4607K, capacity 4821K, committed 4864K, reserved 1048576K
Event: 7.641 GC heap after
Heap after GC invocations=7 (full 2):
 PSYoungGen      total 76288K, used 0K [0x00000000f5580000, 0x00000000fc880000, 0x0000000100000000)
  eden space 65536K, 0% used [0x00000000f5580000,0x00000000f5580000,0x00000000f9580000)
  from space 10752K, 0% used [0x00000000f9580000,0x00000000f9580000,0x00000000fa000000)
  to   space 12288K, 0% used [0x00000000fbc80000,0x00000000fbc80000,0x00000000fc880000)
 ParOldGen       total 202240K, used 15788K [0x00000000e0000000, 0x00000000ec580000, 0x00000000f5580000)
  object space 202240K, 7% used [0x00000000e0000000,0x00000000e0f6b1f0,0x00000000ec580000)
 Metaspace       used 34625K, capacity 35388K, committed 35496K, reserved 1079296K
  class space    used 4603K, capacity 4817K, committed 4864K, reserved 1048576K
}

Deoptimization events (10 events):
Event: 6.330 Thread 0x000000001927c800 Uncommon trap: reason=class_check action=maybe_recompile pc=0x00000000032cebdc method=java.io.BufferedInputStream.read([BII)I @ 101
Event: 6.693 Thread 0x000000001927c800 Uncommon trap: reason=class_check action=maybe_recompile pc=0x000000000375fac4 method=sun.misc.URLClassPath.getLoader(I)Lsun/misc/URLClassPath$Loader; @ 94
Event: 6.693 Thread 0x000000001927c800 Uncommon trap: reason=class_check action=maybe_recompile pc=0x0000000003449fb0 method=sun.misc.URLClassPath.getResource(Ljava/lang/String;Z)Lsun/misc/Resource; @ 62
Event: 6.693 Thread 0x000000001927c800 Uncommon trap: reason=unstable_if action=reinterpret pc=0x0000000003485ae8 method=java.lang.String.regionMatches(ZILjava/lang/String;II)Z @ 41
Event: 6.737 Thread 0x000000001927c800 Uncommon trap: reason=class_check action=maybe_recompile pc=0x0000000003760804 method=sun.misc.URLClassPath.getLoader(I)Lsun/misc/URLClassPath$Loader; @ 239
Event: 6.757 Thread 0x000000001927c800 Uncommon trap: reason=class_check action=maybe_recompile pc=0x0000000003760804 method=sun.misc.URLClassPath.getLoader(I)Lsun/misc/URLClassPath$Loader; @ 239
Event: 6.818 Thread 0x000000001927c800 Uncommon trap: reason=class_check action=maybe_recompile pc=0x0000000003760804 method=sun.misc.URLClassPath.getLoader(I)Lsun/misc/URLClassPath$Loader; @ 239
Event: 6.939 Thread 0x000000001927c800 Uncommon trap: reason=class_check action=maybe_recompile pc=0x0000000003758928 method=sun.misc.URLClassPath.getLoader(I)Lsun/misc/URLClassPath$Loader; @ 239
Event: 7.410 Thread 0x000000001927c800 Uncommon trap: reason=unstable_if action=reinterpret pc=0x00000000033f23bc method=jdk.internal.org.objectweb.asm.Type.getArgumentsAndReturnSizes(Ljava/lang/String;)I @ 88
Event: 7.641 Thread 0x0000000002e37800 Uncommon trap: reason=unstable_if action=reinterpret pc=0x00000000033844a0 method=java.lang.ref.Reference.tryHandlePending(Z)Z @ 104

Internal exceptions (10 events):
Event: 7.130 Thread 0x000000001927c800 Exception <a 'java/lang/ClassNotFoundException': org/gradle/api/internal/artifacts/dsl/dependencies/DefaultDependencyHandler_DecoratedCustomizer> (0x00000000f78f15b8) thrown at [C:\re\workspace\8-2-build-windows-amd64-cygwin\jdk8u121\8372\hotspot\src\shar
Event: 7.135 Thread 0x000000001927c800 Exception <a 'java/lang/ClassNotFoundException': ijresolvers29_arfm8u2zyf6itm47tv6zqvlyp$_run_closure1BeanInfo> (0x00000000f7937840) thrown at [C:\re\workspace\8-2-build-windows-amd64-cygwin\jdk8u121\8372\hotspot\src\share\vm\classfile\systemDictionary.cp
Event: 7.135 Thread 0x000000001927c800 Exception <a 'java/lang/ClassNotFoundException': ijresolvers29_arfm8u2zyf6itm47tv6zqvlyp$_run_closure1Customizer> (0x00000000f793d498) thrown at [C:\re\workspace\8-2-build-windows-amd64-cygwin\jdk8u121\8372\hotspot\src\share\vm\classfile\systemDictionary.
Event: 7.260 Thread 0x000000001927c800 Exception <a 'java/lang/NoSuchMethodError': java.lang.Object.lambda$static$0(Lorg/gradle/api/internal/artifacts/configurations/MutationValidator$MutationType;)V> (0x00000000f802b410) thrown at [C:\re\workspace\8-2-build-windows-amd64-cygwin\jdk8u121\8372\
Event: 7.333 Thread 0x000000001927c800 Exception <a 'java/lang/NoSuchMethodError': java.lang.Object.lambda$static$0(Lorg/gradle/internal/component/model/DependencyMetadata;)Lorg/gradle/api/internal/artifacts/ivyservice/dependencysubstitution/DependencySubstitutionApplicator$SubstitutionResult;
Event: 7.405 Thread 0x000000001927c800 Exception <a 'java/lang/IncompatibleClassChangeError': Found class java.lang.Object, but interface was expected> (0x00000000f89a20a8) thrown at [C:\re\workspace\8-2-build-windows-amd64-cygwin\jdk8u121\8372\hotspot\src\share\vm\interpreter\linkResolver.cpp
Event: 7.406 Thread 0x000000001927c800 Exception <a 'java/lang/NoSuchMethodError': java.lang.Object.lambda$comparing$77a9974f$1(Ljava/util/function/Function;Ljava/lang/Object;Ljava/lang/Object;)I> (0x00000000f89aa3c8) thrown at [C:\re\workspace\8-2-build-windows-amd64-cygwin\jdk8u121\8372\hots
Event: 7.412 Thread 0x000000001927c800 Exception <a 'java/lang/NoSuchMethodError': java.lang.Object.lambda$thenComparing$36697e65$1(Ljava/util/Comparator;Ljava/lang/Object;Ljava/lang/Object;)I> (0x00000000f89be338) thrown at [C:\re\workspace\8-2-build-windows-amd64-cygwin\jdk8u121\8372\hotspot
Event: 7.415 Thread 0x000000001927c800 Exception <a 'java/lang/NoSuchMethodError': java.lang.Object.lambda$comparing$ea9a8b3a$1(Ljava/util/Comparator;Ljava/util/function/Function;Ljava/lang/Object;Ljava/lang/Object;)I> (0x00000000f89d2b60) thrown at [C:\re\workspace\8-2-build-windows-amd64-cyg
Event: 7.507 Thread 0x000000001927c800 Exception <a 'java/lang/NoSuchMethodError': java.lang.Object.lambda$static$0(Lorg/gradle/api/internal/artifacts/ivyservice/resolveengine/artifact/ArtifactVisitor;)V> (0x00000000f8eed898) thrown at [C:\re\workspace\8-2-build-windows-amd64-cygwin\jdk8u121\8

Events (10 events):
Event: 7.888 Thread 0x000000001927c800 DEOPT PACKING pc=0x00000000035be361 sp=0x000000001ade76d0
Event: 7.888 Thread 0x000000001927c800 DEOPT UNPACKING pc=0x0000000002e8787f sp=0x000000001ade7450 mode 1
Event: 7.888 Thread 0x000000001927c800 DEOPT PACKING pc=0x00000000035be361 sp=0x000000001ade76d0
Event: 7.888 Thread 0x000000001927c800 DEOPT UNPACKING pc=0x0000000002e8787f sp=0x000000001ade7450 mode 1
Event: 7.889 Thread 0x000000001927c800 DEOPT PACKING pc=0x00000000035be361 sp=0x000000001ade5f00
Event: 7.889 Thread 0x000000001927c800 DEOPT UNPACKING pc=0x0000000002e8787f sp=0x000000001ade5c80 mode 1
Event: 7.889 Thread 0x000000001927c800 DEOPT PACKING pc=0x00000000035be361 sp=0x000000001ade61e0
Event: 7.889 Thread 0x000000001927c800 DEOPT UNPACKING pc=0x0000000002e8787f sp=0x000000001ade5f60 mode 1
Event: 7.889 Thread 0x000000001927c800 DEOPT PACKING pc=0x00000000035be361 sp=0x000000001ade7070
Event: 7.889 Thread 0x000000001927c800 DEOPT UNPACKING pc=0x0000000002e8787f sp=0x000000001ade6df0 mode 1


Dynamic libraries:
0x00007ff6c81f0000 - 0x00007ff6c8227000 	C:\Program Files\Java\jdk1.8.0_121\bin\java.exe
0x00007ffc7ce50000 - 0x00007ffc7d031000 	C:\Windows\SYSTEM32\ntdll.dll
0x00007ffc7bab0000 - 0x00007ffc7bb61000 	C:\Windows\System32\KERNEL32.DLL
0x00007ffc79320000 - 0x00007ffc79593000 	C:\Windows\System32\KERNELBASE.dll
0x00007ffc7cb80000 - 0x00007ffc7cc21000 	C:\Windows\System32\ADVAPI32.dll
0x00007ffc7bb70000 - 0x00007ffc7bc0e000 	C:\Windows\System32\msvcrt.dll
0x00007ffc7bc20000 - 0x00007ffc7bc7b000 	C:\Windows\System32\sechost.dll
0x00007ffc7a4e0000 - 0x00007ffc7a604000 	C:\Windows\System32\RPCRT4.dll
0x00007ffc7c3d0000 - 0x00007ffc7c560000 	C:\Windows\System32\USER32.dll
0x00007ffc79cb0000 - 0x00007ffc79cd0000 	C:\Windows\System32\win32u.dll
0x00007ffc7cad0000 - 0x00007ffc7caf8000 	C:\Windows\System32\GDI32.dll
0x00007ffc79f50000 - 0x00007ffc7a0e1000 	C:\Windows\System32\gdi32full.dll
0x00007ffc79220000 - 0x00007ffc792bf000 	C:\Windows\System32\msvcp_win.dll
0x00007ffc79cd0000 - 0x00007ffc79dc8000 	C:\Windows\System32\ucrtbase.dll
0x00007ffc64d00000 - 0x00007ffc64f69000 	C:\Windows\WinSxS\amd64_microsoft.windows.common-controls_6595b64144ccf1df_6.0.17134.885_none_fb42a3473065565f\COMCTL32.dll
0x00007ffc7c700000 - 0x00007ffc7ca22000 	C:\Windows\System32\combase.dll
0x00007ffc79ed0000 - 0x00007ffc79f49000 	C:\Windows\System32\bcryptPrimitives.dll
0x00007ffc7caa0000 - 0x00007ffc7cacd000 	C:\Windows\System32\IMM32.DLL
0x000000005f610000 - 0x000000005f6e2000 	C:\Program Files\Java\jdk1.8.0_121\jre\bin\msvcr100.dll
0x000000005dca0000 - 0x000000005e53b000 	C:\Program Files\Java\jdk1.8.0_121\jre\bin\server\jvm.dll
0x00007ffc7bc10000 - 0x00007ffc7bc18000 	C:\Windows\System32\PSAPI.DLL
0x00007ffc73810000 - 0x00007ffc73819000 	C:\Windows\SYSTEM32\WSOCK32.dll
0x00007ffc73540000 - 0x00007ffc7354a000 	C:\Windows\SYSTEM32\VERSION.dll
0x00007ffc75aa0000 - 0x00007ffc75ac3000 	C:\Windows\SYSTEM32\WINMM.dll
0x00007ffc7cdb0000 - 0x00007ffc7ce1c000 	C:\Windows\System32\WS2_32.dll
0x00007ffc75a70000 - 0x00007ffc75a9a000 	C:\Windows\SYSTEM32\WINMMBASE.dll
0x00007ffc79dd0000 - 0x00007ffc79e19000 	C:\Windows\System32\cfgmgr32.dll
0x000000005f600000 - 0x000000005f60f000 	C:\Program Files\Java\jdk1.8.0_121\jre\bin\verify.dll
0x000000005f5d0000 - 0x000000005f5f9000 	C:\Program Files\Java\jdk1.8.0_121\jre\bin\java.dll
0x000000005ec50000 - 0x000000005ec85000 	C:\Program Files\Java\jdk1.8.0_121\jre\bin\jdwp.dll
0x000000005ec40000 - 0x000000005ec48000 	C:\Program Files\Java\jdk1.8.0_121\jre\bin\npt.dll
0x000000005ebf0000 - 0x000000005ec06000 	C:\Program Files\Java\jdk1.8.0_121\jre\bin\zip.dll
0x00007ffc7a670000 - 0x00007ffc7bab0000 	C:\Windows\System32\SHELL32.dll
0x00007ffc7cc30000 - 0x00007ffc7ccd9000 	C:\Windows\System32\shcore.dll
0x00007ffc795a0000 - 0x00007ffc79cad000 	C:\Windows\System32\windows.storage.dll
0x00007ffc7a610000 - 0x00007ffc7a661000 	C:\Windows\System32\shlwapi.dll
0x00007ffc791e0000 - 0x00007ffc791f1000 	C:\Windows\System32\kernel.appcore.dll
0x00007ffc79170000 - 0x00007ffc7918f000 	C:\Windows\System32\profapi.dll
0x00007ffc79190000 - 0x00007ffc791dc000 	C:\Windows\System32\powrprof.dll
0x00007ffc79160000 - 0x00007ffc7916a000 	C:\Windows\System32\FLTLIB.DLL
0x000000005ebe0000 - 0x000000005ebe9000 	C:\Program Files\Java\jdk1.8.0_121\jre\bin\dt_socket.dll
0x00007ffc78930000 - 0x00007ffc78996000 	C:\Windows\system32\mswsock.dll
0x000000005ebc0000 - 0x000000005ebda000 	C:\Program Files\Java\jdk1.8.0_121\jre\bin\net.dll
0x000000005eba0000 - 0x000000005ebb1000 	C:\Program Files\Java\jdk1.8.0_121\jre\bin\nio.dll
0x00007ffc6d0e0000 - 0x00007ffc6d107000 	C:\Users\jurlana\.gradle\native\c976cfcca226fdd4bee4412e95191dd41148b7504f9625baeda1d523bc39a967\windows-amd64\native-platform.dll
0x000000005eb90000 - 0x000000005eb9d000 	C:\Program Files\Java\jdk1.8.0_121\jre\bin\management.dll
0x00007ffc78ec0000 - 0x00007ffc78ed7000 	C:\Windows\SYSTEM32\CRYPTSP.dll
0x00007ffc78300000 - 0x00007ffc78333000 	C:\Windows\system32\rsaenh.dll
0x00007ffc78e80000 - 0x00007ffc78ea5000 	C:\Windows\SYSTEM32\bcrypt.dll
0x00007ffc79090000 - 0x00007ffc790b8000 	C:\Windows\SYSTEM32\USERENV.dll
0x00007ffc78af0000 - 0x00007ffc78afb000 	C:\Windows\SYSTEM32\CRYPTBASE.dll
0x00007ffc786d0000 - 0x00007ffc78708000 	C:\Windows\SYSTEM32\IPHLPAPI.DLL
0x00007ffc7ca90000 - 0x00007ffc7ca98000 	C:\Windows\System32\NSI.dll
0x00007ffc74c00000 - 0x00007ffc74c16000 	C:\Windows\SYSTEM32\dhcpcsvc6.DLL
0x00007ffc746b0000 - 0x00007ffc746ca000 	C:\Windows\SYSTEM32\dhcpcsvc.DLL

VM Arguments:
jvm_args: -XX:MaxMetaspaceSize=256m -XX:+HeapDumpOnOutOfMemoryError -agentlib:jdwp=transport=dt_socket,server=n,suspend=y,address=64024 -Xms256m -Xmx512m -Dfile.encoding=windows-1252 -Duser.country=IN -Duser.language=en -Duser.variant 
java_command: org.gradle.launcher.daemon.bootstrap.GradleDaemon 6.3
java_class_path (initial): C:\Users\jurlana\.gradle\wrapper\dists\gradle-6.3-bin\8tpu6egwsccjzp10c1jckl0rx\gradle-6.3\lib\gradle-launcher-6.3.jar
Launcher Type: SUN_STANDARD

Environment Variables:
JAVA_HOME=C:\Program Files\Java\jdk1.8.0_121
PATH=C:\ProgramData\Oracle\Java\javapath;C:\Program Files\Microsoft MPI\Bin\;C:\Windows\system32;C:\Windows;C:\Windows\System32\Wbem;C:\Windows\System32\WindowsPowerShell\v1.0\;C:\Windows\System32\OpenSSH\;C:\Program Files\dotnet\;C:\Program Files (x86)\Microsoft SQL Server\140\Tools\Binn\;C:\Program Files\Microsoft SQL Server\140\Tools\Binn\;C:\Program Files (x86)\Microsoft SQL Server\140\DTS\Binn\;C:\Program Files\Microsoft SQL Server\140\DTS\Binn\;C:\Program Files\Microsoft SQL Server\Client SDK\ODBC\130\Tools\Binn\;C:\Program Files (x86)\Microsoft SQL Server\Client SDK\ODBC\130\Tools\Binn\;C:\Program Files (x86)\Microsoft SQL Server\140\Tools\Binn\ManagementStudio\;C:\Program Files (x86)\Microsoft SQL Server\110\DTS\Binn\;C:\Program Files (x86)\Microsoft SQL Server\120\DTS\Binn\;C:\Program Files (x86)\Microsoft SQL Server\130\DTS\Binn\;C:\Program Files\Microsoft SQL Server\130\Tools\Binn\;C:\Program Files\nodejs\;C:\Program Files (x86)\Intel\Intel(R) Management Engine Components\DAL;C:\Program Files\Intel\Intel(R) Management Engine Components\DAL;C:\Program Files\Microsoft SQL Server\Client SDK\ODBC\170\Tools\Binn\;C:\Program Files (x86)\dotnet\;D:\Softwares\Softwares\redis-64.3.0.503;;C:\Program Files\Docker\Docker\resources\bin;C:\ProgramData\DockerDesktop\version-bin;C:\Users\jurlana\AppData\Local\Microsoft\WindowsApps;C:\Users\jurlana\AppData\Roaming\npm;C:\Users\jurlana\AppData\Local\Programs\Git\cmd;C:\Users\jurlana\AppData\Local\Programs\Microsoft VS Code\bin;C:\Users\jurlana\.dotnet\tools
USERNAME=jurlana
OS=Windows_NT
PROCESSOR_IDENTIFIER=Intel64 Family 6 Model 142 Stepping 10, GenuineIntel



---------------  S Y S T E M  ---------------

OS: Windows 10.0 , 64 bit Build 17134 (10.0.17134.753)

CPU:total 8 (4 cores per cpu, 2 threads per core) family 6 model 142 stepping 10, cmov, cx8, fxsr, mmx, sse, sse2, sse3, ssse3, sse4.1, sse4.2, popcnt, avx, avx2, aes, clmul, erms, 3dnowpref, lzcnt, ht, tsc, tscinvbit, bmi1, bmi2, adx

Memory: 4k page, physical 8045496k(497768k free), swap 26432308k(6344k free)

vm_info: Java HotSpot(TM) 64-Bit Server VM (25.121-b13) for windows-amd64 JRE (1.8.0_121-b13), built on Dec 12 2016 18:21:36 by "java_re" with MS VC++ 10.0 (VS2010)

time: Thu Jun 04 14:16:05 2020
elapsed time: 7 seconds (0d 0h 0m 7s)

